{"level":"info","message":"Server is running on port http://localhost:5500","service":"your-service-name"}
{"level":"info","message":"Server is running on port http://localhost:5500","service":"your-service-name"}
{"level":"info","message":"Server is running on port http://localhost:5500","service":"your-service-name"}
{"level":"info","message":"Server is running on port http://localhost:5500","service":"your-service-name"}
{"level":"info","message":"Server is running on port http://localhost:5500","service":"your-service-name","timestamp":"2024-03-20T08:55:46.552Z"}
{"level":"info","message":"Server is running on port http://localhost:5500","service":"your-service-name","timestamp":"2024-03-20T08:59:59.644Z"}
{"level":"info","message":"Server is running on port http://localhost:5500","service":"your-service-name","timestamp":"2024-03-20T09:00:20.346Z"}
{"level":"info","message":"Server is running on port http://localhost:5500","service":"your-service-name","timestamp":"2024-03-20T09:01:19.527Z"}
{"level":"info","message":"Server is running on port http://localhost:5500","service":"your-service-name","timestamp":"2024-03-20T09:01:45.679Z"}
{"level":"info","message":"Server is running on port http://localhost:5500","service":"your-service-name","timestamp":"2024-03-20T10:47:31.527Z"}
{"code":"ENOTFOUND","errno":-3008,"fatal":true,"hostname":"rookmatetech.com","level":"error","service":"your-service-name","syscall":"getaddrinfo","timestamp":"2024-03-20T10:47:35.156Z"}
{"level":"info","message":"Server is running on port http://localhost:5500","service":"your-service-name","timestamp":"2024-03-21T06:00:24.651Z"}
{"level":"info","message":"Server is running on port http://localhost:5500","service":"your-service-name","timestamp":"2024-03-21T06:06:17.231Z"}
{"level":"info","message":"Server is running on port http://localhost:5500","service":"your-service-name","timestamp":"2024-03-21T06:08:42.007Z"}
{"level":"info","message":"Server is running on port http://localhost:5500","service":"your-service-name","timestamp":"2024-03-21T06:31:29.916Z"}
{"level":"info","message":"Server is running on port http://localhost:5500","service":"your-service-name","timestamp":"2024-03-21T06:33:16.757Z"}
{"level":"info","message":"Server is running on port http://localhost:5500","service":"your-service-name","timestamp":"2024-03-21T06:34:12.643Z"}
{"level":"info","message":"Server is running on port http://localhost:5500","service":"your-service-name","timestamp":"2024-03-21T06:34:42.493Z"}
{"level":"info","message":"Server is running on port http://localhost:5500","service":"your-service-name","timestamp":"2024-03-21T06:35:22.250Z"}
{"level":"info","message":"Server is running on port http://localhost:5500","service":"your-service-name","timestamp":"2024-03-21T06:37:11.748Z"}
{"level":"info","message":"Server is running on port http://localhost:5500","service":"your-service-name","timestamp":"2024-03-21T06:38:08.928Z"}
{"level":"info","message":"Server is running on port http://localhost:443","service":"your-service-name","timestamp":"2024-03-21T14:59:40.541Z"}
{"level":"info","message":"Server is running on port http://localhost:443","service":"your-service-name","timestamp":"2024-03-21T21:09:49.783Z"}
{"level":"info","message":"Server is running on port http://localhost:443","service":"your-service-name","timestamp":"2024-03-21T22:43:01.105Z"}
{"level":"info","message":"Server is running on port http://localhost:443","service":"your-service-name","timestamp":"2024-03-21T22:53:25.288Z"}
{"level":"info","message":"Server is running on port http://localhost:443","service":"your-service-name","timestamp":"2024-03-21T23:12:53.359Z"}
{"level":"info","message":"Server is running on port http://localhost:443","service":"your-service-name","timestamp":"2024-03-21T23:21:34.034Z"}
{"level":"info","message":"Server is running on port http://localhost:443","service":"your-service-name","timestamp":"2024-03-21T23:24:04.346Z"}
{"level":"info","message":"Server is running on port http://localhost:443","service":"your-service-name","timestamp":"2024-03-21T23:29:20.289Z"}
{"level":"info","message":"Server is running on port http://localhost:443","service":"your-service-name","timestamp":"2024-03-21T23:31:53.891Z"}
{"level":"info","message":"Server is running on port http://localhost:443","service":"your-service-name","timestamp":"2024-03-21T23:35:30.524Z"}
{"level":"info","message":"Server is running on port http://localhost:443","service":"your-service-name","timestamp":"2024-03-21T23:37:58.773Z"}
{"level":"info","message":"Server is running on port http://localhost:443","service":"your-service-name","timestamp":"2024-03-21T23:56:44.303Z"}
{"level":"info","message":"Server is running on port http://localhost:443","service":"your-service-name","timestamp":"2024-03-22T00:08:44.325Z"}
{"level":"info","message":"Server is running on port http://localhost:443","service":"your-service-name","timestamp":"2024-03-22T00:11:42.493Z"}
{"level":"info","message":"Server is running on port http://localhost:443","service":"your-service-name","timestamp":"2024-03-22T00:11:51.837Z"}
{"level":"info","message":"Server is running on port http://localhost:443","service":"your-service-name","timestamp":"2024-03-22T00:12:10.887Z"}
{"level":"info","message":"Server is running on port http://localhost:443","service":"your-service-name","timestamp":"2024-03-22T00:12:34.151Z"}
{"level":"info","message":"Server is running on port http://localhost:443","service":"your-service-name","timestamp":"2024-03-22T00:12:47.792Z"}
{"level":"info","message":"Server is running on port http://localhost:443","service":"your-service-name","timestamp":"2024-03-22T00:13:03.358Z"}
{"level":"info","message":"Server is running on port http://localhost:443","service":"your-service-name","timestamp":"2024-03-22T00:13:14.242Z"}
{"level":"info","message":"Server is running on port http://localhost:443","service":"your-service-name","timestamp":"2024-03-22T00:13:23.087Z"}
{"level":"info","message":"Server is running on port http://localhost:443","service":"your-service-name","timestamp":"2024-03-22T00:13:26.248Z"}
{"level":"info","message":"Server is running on port http://localhost:443","service":"your-service-name","timestamp":"2024-03-22T00:13:40.115Z"}
{"level":"info","message":"Server is running on port http://localhost:443","service":"your-service-name","timestamp":"2024-03-22T00:13:59.647Z"}
{"level":"info","message":"Server is running on port http://localhost:443","service":"your-service-name","timestamp":"2024-03-22T00:14:13.356Z"}
{"level":"info","message":"Server is running on port http://localhost:443","service":"your-service-name","timestamp":"2024-03-22T00:14:37.474Z"}
{"level":"info","message":"Server is running on port http://localhost:443","service":"your-service-name","timestamp":"2024-03-22T00:14:47.247Z"}
{"level":"info","message":"Server is running on port http://localhost:443","service":"your-service-name","timestamp":"2024-03-22T00:15:07.856Z"}
{"level":"info","message":"Server is running on port http://localhost:443","service":"your-service-name","timestamp":"2024-03-22T00:15:15.533Z"}
{"level":"info","message":"Server is running on port http://localhost:443","service":"your-service-name","timestamp":"2024-03-22T00:15:20.789Z"}
{"level":"info","message":"Server is running on port http://localhost:443","service":"your-service-name","timestamp":"2024-03-22T00:15:51.077Z"}
{"level":"info","message":"Server is running on port http://localhost:443","service":"your-service-name","timestamp":"2024-03-22T00:16:52.337Z"}
{"level":"info","message":"Server is running on port http://localhost:443","service":"your-service-name","timestamp":"2024-03-22T00:16:55.776Z"}
{"level":"info","message":"Server is running on port http://localhost:443","service":"your-service-name","timestamp":"2024-03-22T22:07:45.000Z"}
{"level":"info","message":"Server is running on port http://localhost:443","service":"your-service-name","timestamp":"2024-03-22T22:16:21.636Z"}
{"level":"info","message":"Server is running on port http://localhost:443","service":"your-service-name","timestamp":"2024-03-22T22:19:31.786Z"}
{"level":"info","message":"Server is running on port http://localhost:443","service":"your-service-name","timestamp":"2024-03-22T22:33:51.808Z"}
{"level":"info","message":"Server is running on port http://localhost:443","service":"your-service-name","timestamp":"2024-03-22T22:51:23.256Z"}
{"level":"info","message":"Server is running on port http://localhost:443","service":"your-service-name","timestamp":"2024-03-22T22:53:58.389Z"}
{"level":"info","message":"Server is running on port http://localhost:443","service":"your-service-name","timestamp":"2024-03-22T22:54:57.887Z"}
{"level":"info","message":"Server is running on port http://localhost:443","service":"your-service-name","timestamp":"2024-03-22T22:56:15.040Z"}
{"level":"info","message":"Server is running on port http://localhost:443","service":"your-service-name","timestamp":"2024-03-22T22:56:42.602Z"}
{"level":"info","message":"Server is running on port http://localhost:443","service":"your-service-name","timestamp":"2024-03-22T22:58:42.648Z"}
{"level":"info","message":"Server is running on port http://localhost:443","service":"your-service-name","timestamp":"2024-03-22T23:02:24.646Z"}
{"level":"info","message":"Server is running on port http://localhost:443","service":"your-service-name","timestamp":"2024-03-22T23:16:09.706Z"}
{"level":"info","message":"Server is running on port http://localhost:443","service":"your-service-name","timestamp":"2024-03-22T23:23:21.777Z"}
{"level":"info","message":"Server is running on port http://localhost:443","service":"your-service-name","timestamp":"2024-03-22T23:27:36.360Z"}
{"level":"info","message":"Server is running on port http://localhost:443","service":"your-service-name","timestamp":"2024-03-22T23:30:30.360Z"}
{"level":"info","message":"Server is running on port http://localhost:443","service":"your-service-name","timestamp":"2024-03-22T23:42:05.997Z"}
{"level":"info","message":"Server is running on port http://localhost:443","service":"your-service-name","timestamp":"2024-03-22T23:48:24.432Z"}
{"level":"info","message":"Server is running on port http://localhost:443","service":"your-service-name","timestamp":"2024-03-22T23:48:43.433Z"}
{"level":"info","message":"Server is running on port http://localhost:443","service":"your-service-name","timestamp":"2024-03-22T23:51:46.541Z"}
{"level":"info","message":"Server is running on port http://localhost:443","service":"your-service-name","timestamp":"2024-03-22T23:52:16.259Z"}
{"level":"info","message":"Server is running on port http://localhost:443","service":"your-service-name","timestamp":"2024-03-22T23:55:06.263Z"}
{"level":"info","message":"Server is running on port http://localhost:443","service":"your-service-name","timestamp":"2024-03-22T23:55:39.880Z"}
{"level":"info","message":"Server is running on port http://localhost:443","service":"your-service-name","timestamp":"2024-03-23T00:06:18.318Z"}
{"level":"error","service":"your-service-name","timestamp":"2024-03-23T01:11:04.348Z"}
{"level":"error","service":"your-service-name","timestamp":"2024-03-23T01:11:48.672Z"}
{"level":"info","message":"Server is running on port http://localhost:443","service":"your-service-name","timestamp":"2024-03-23T01:16:36.903Z"}
{"level":"info","message":"Server is running on port http://localhost:443","service":"your-service-name","timestamp":"2024-03-23T06:40:01.239Z"}
{"level":"info","message":"Server is running on port http://localhost:443","service":"your-service-name","timestamp":"2024-03-23T06:44:17.420Z"}
{"level":"info","message":"Server is running on port http://localhost:443","service":"your-service-name","timestamp":"2024-03-23T06:56:26.796Z"}
{"level":"info","message":"Server is running on port http://localhost:443","service":"your-service-name","timestamp":"2024-03-23T06:59:06.691Z"}
{"level":"info","message":"Server is running on port http://localhost:443","service":"your-service-name","timestamp":"2024-03-23T07:07:37.654Z"}
{"level":"info","message":"Server is running on port http://localhost:443","service":"your-service-name","timestamp":"2024-03-23T07:15:47.272Z"}
{"level":"info","message":"Server is running on port http://localhost:443","service":"your-service-name","timestamp":"2024-03-23T07:18:56.783Z"}
{"level":"info","message":"Server is running on port http://localhost:443","service":"your-service-name","timestamp":"2024-03-23T07:39:22.539Z"}
{"level":"info","message":"Server is running on port http://localhost:443","service":"your-service-name","timestamp":"2024-03-23T07:41:09.673Z"}
{"level":"info","message":"Server is running on port http://localhost:443","service":"your-service-name","timestamp":"2024-03-23T07:41:42.581Z"}
{"level":"info","message":"Server is running on port http://localhost:443","service":"your-service-name","timestamp":"2024-03-23T07:50:27.804Z"}
{"level":"info","message":"Server is running on port http://localhost:443","service":"your-service-name","timestamp":"2024-03-23T07:51:43.204Z"}
{"level":"info","message":"Server is running on port http://localhost:443","service":"your-service-name","timestamp":"2024-03-23T07:52:21.094Z"}
{"level":"info","message":"Server is running on port http://localhost:443","service":"your-service-name","timestamp":"2024-03-23T07:52:27.063Z"}
{"level":"info","message":"Server is running on port http://localhost:443","service":"your-service-name","timestamp":"2024-03-23T07:53:00.542Z"}
{"level":"info","message":"Server is running on port http://localhost:443","service":"your-service-name","timestamp":"2024-03-23T07:53:20.850Z"}
{"client":"mysql","constraint":"shops.username_unique","level":"error","name":"UniqueViolationError","nativeError":{"code":"ER_DUP_ENTRY","errno":1062,"sql":"insert into `shops` (`cashierLimit`, `location`, `name`, `password`, `shopOwnerId`, `username`) values (10000, 'Oromia', 'bedele', '$2b$10$off6ZPaj.02xlj2WadCUxe6gUbk14vXhCuxmqqnOXoMDoGDP/Vn1W', 10, 'bedele')","sqlMessage":"Duplicate entry 'bedele' for key 'shops.username_unique'","sqlState":"23000"},"service":"your-service-name","timestamp":"2024-03-23T08:26:10.152Z"}
{"client":"mysql","constraint":"shops.username_unique","level":"error","name":"UniqueViolationError","nativeError":{"code":"ER_DUP_ENTRY","errno":1062,"sql":"insert into `shops` (`cashierLimit`, `location`, `name`, `password`, `shopOwnerId`, `username`) values (10000, 'Oromia', 'Sebeta 2', '$2b$10$UrFCRdFD.q/Uuo/tqU4NXulgc8N1bnzv/7TJJoiljO.8f2MHEvaRe', 24, 'sebeta2')","sqlMessage":"Duplicate entry 'sebeta2' for key 'shops.username_unique'","sqlState":"23000"},"service":"your-service-name","timestamp":"2024-03-23T13:10:49.391Z"}
{"client":"mysql","constraint":"shops.username_unique","level":"error","name":"UniqueViolationError","nativeError":{"code":"ER_DUP_ENTRY","errno":1062,"sql":"insert into `shops` (`cashierLimit`, `location`, `name`, `password`, `shopOwnerId`, `username`) values (10000, 'Oromia', 'Sebeta 2', '$2b$10$pH8H0H08g1fj5sdcTrahn.NLWCmXERez5gI2DkfWAX6G0Hpudnl0G', 24, 'sebeta2')","sqlMessage":"Duplicate entry 'sebeta2' for key 'shops.username_unique'","sqlState":"23000"},"service":"your-service-name","timestamp":"2024-03-23T13:33:53.554Z"}
{"client":"mysql","constraint":"shops.username_unique","level":"error","name":"UniqueViolationError","nativeError":{"code":"ER_DUP_ENTRY","errno":1062,"sql":"insert into `shops` (`cashierLimit`, `location`, `name`, `password`, `shopOwnerId`, `username`) values (10000, 'South Ethiopia', 'Sebeta 3', '$2b$10$YsCTG4lqSBb3CGcnQn/oueX4IiptZXfmzLMoYkK7JEWcumt/S.ZCC', 24, 'sebeta3')","sqlMessage":"Duplicate entry 'sebeta3' for key 'shops.username_unique'","sqlState":"23000"},"service":"your-service-name","timestamp":"2024-03-23T13:38:46.744Z"}
{"level":"error","service":"your-service-name","timestamp":"2024-03-23T14:35:14.756Z"}
{"level":"info","message":"Today report is generated! 3/23/2024, 8:44:00 PM","service":"your-service-name","timestamp":"2024-03-23T20:44:00.772Z"}
{"level":"info","message":"Server is running on port http://localhost:443","service":"your-service-name","timestamp":"2024-03-24T06:48:29.814Z"}
{"level":"info","message":"Server is running on port http://localhost:443","service":"your-service-name","timestamp":"2024-03-24T06:49:07.687Z"}
{"level":"info","message":"Server is running on port http://localhost:443","service":"your-service-name","timestamp":"2024-03-24T06:54:26.447Z"}
{"level":"info","message":"Server is running on port http://localhost:443","service":"your-service-name","timestamp":"2024-03-24T06:56:49.760Z"}
{"level":"info","message":"Server is running on port http://localhost:443","service":"your-service-name","timestamp":"2024-03-24T07:04:40.393Z"}
{"level":"info","message":"Server is running on port http://localhost:443","service":"your-service-name","timestamp":"2024-03-24T07:06:08.531Z"}
{"level":"error","service":"your-service-name","timestamp":"2024-03-24T11:18:35.035Z"}
{"level":"error","service":"your-service-name","timestamp":"2024-03-24T11:18:36.719Z"}
{"level":"error","service":"your-service-name","timestamp":"2024-03-24T11:18:38.368Z"}
{"level":"error","service":"your-service-name","timestamp":"2024-03-24T11:18:38.618Z"}
{"level":"error","service":"your-service-name","timestamp":"2024-03-24T11:18:39.010Z"}
{"level":"error","service":"your-service-name","timestamp":"2024-03-24T11:18:39.228Z"}
{"level":"error","service":"your-service-name","timestamp":"2024-03-24T11:18:39.417Z"}
{"level":"error","service":"your-service-name","timestamp":"2024-03-24T11:18:39.616Z"}
{"level":"error","service":"your-service-name","timestamp":"2024-03-24T11:18:39.906Z"}
{"level":"error","service":"your-service-name","timestamp":"2024-03-24T11:18:44.198Z"}
{"level":"error","service":"your-service-name","timestamp":"2024-03-24T11:18:44.858Z"}
{"level":"error","service":"your-service-name","timestamp":"2024-03-24T11:18:45.449Z"}
{"level":"error","service":"your-service-name","timestamp":"2024-03-24T11:19:58.386Z"}
{"level":"error","service":"your-service-name","timestamp":"2024-03-24T11:19:59.417Z"}
{"level":"error","service":"your-service-name","timestamp":"2024-03-24T11:20:09.527Z"}
{"level":"error","service":"your-service-name","timestamp":"2024-03-24T11:20:23.267Z"}
{"level":"error","service":"your-service-name","timestamp":"2024-03-24T11:20:24.447Z"}
{"level":"error","service":"your-service-name","timestamp":"2024-03-24T11:20:24.846Z"}
{"level":"error","service":"your-service-name","timestamp":"2024-03-24T11:20:25.246Z"}
{"level":"error","service":"your-service-name","timestamp":"2024-03-24T11:20:25.616Z"}
{"level":"error","service":"your-service-name","timestamp":"2024-03-24T11:20:25.976Z"}
{"level":"error","service":"your-service-name","timestamp":"2024-03-24T11:20:26.336Z"}
{"level":"error","service":"your-service-name","timestamp":"2024-03-24T11:20:26.656Z"}
{"level":"error","service":"your-service-name","timestamp":"2024-03-24T11:20:26.938Z"}
{"level":"error","service":"your-service-name","timestamp":"2024-03-24T11:20:27.167Z"}
{"level":"error","service":"your-service-name","timestamp":"2024-03-24T11:20:27.367Z"}
{"level":"error","service":"your-service-name","timestamp":"2024-03-24T11:20:27.926Z"}
{"level":"error","service":"your-service-name","timestamp":"2024-03-24T11:20:28.195Z"}
{"level":"error","service":"your-service-name","timestamp":"2024-03-24T11:20:28.445Z"}
{"level":"error","service":"your-service-name","timestamp":"2024-03-24T11:20:33.506Z"}
{"level":"error","service":"your-service-name","timestamp":"2024-03-24T11:20:34.206Z"}
{"level":"error","service":"your-service-name","timestamp":"2024-03-24T11:20:34.440Z"}
{"level":"error","service":"your-service-name","timestamp":"2024-03-24T11:20:34.663Z"}
{"level":"error","service":"your-service-name","timestamp":"2024-03-24T11:20:34.889Z"}
{"level":"error","service":"your-service-name","timestamp":"2024-03-24T11:20:35.096Z"}
{"level":"error","service":"your-service-name","timestamp":"2024-03-24T11:20:35.267Z"}
{"level":"error","service":"your-service-name","timestamp":"2024-03-24T11:20:35.435Z"}
{"level":"error","service":"your-service-name","timestamp":"2024-03-24T11:20:35.803Z"}
{"level":"error","service":"your-service-name","timestamp":"2024-03-24T11:20:35.995Z"}
{"level":"error","service":"your-service-name","timestamp":"2024-03-24T11:20:36.196Z"}
{"level":"error","service":"your-service-name","timestamp":"2024-03-24T11:20:36.556Z"}
{"level":"error","service":"your-service-name","timestamp":"2024-03-24T11:20:36.745Z"}
{"level":"error","service":"your-service-name","timestamp":"2024-03-24T11:20:36.926Z"}
{"level":"error","service":"your-service-name","timestamp":"2024-03-24T11:20:37.127Z"}
{"level":"error","service":"your-service-name","timestamp":"2024-03-24T11:20:37.295Z"}
{"level":"error","service":"your-service-name","timestamp":"2024-03-24T11:20:37.644Z"}
{"level":"error","service":"your-service-name","timestamp":"2024-03-24T11:20:37.816Z"}
{"level":"error","service":"your-service-name","timestamp":"2024-03-24T11:20:38.015Z"}
{"level":"error","service":"your-service-name","timestamp":"2024-03-24T11:20:38.195Z"}
{"level":"error","service":"your-service-name","timestamp":"2024-03-24T11:20:38.365Z"}
{"level":"error","service":"your-service-name","timestamp":"2024-03-24T11:20:38.605Z"}
{"level":"error","service":"your-service-name","timestamp":"2024-03-24T11:20:38.724Z"}
{"level":"error","service":"your-service-name","timestamp":"2024-03-24T11:20:38.915Z"}
{"level":"error","service":"your-service-name","timestamp":"2024-03-24T11:20:39.095Z"}
{"level":"error","service":"your-service-name","timestamp":"2024-03-24T11:20:39.256Z"}
{"level":"error","service":"your-service-name","timestamp":"2024-03-24T11:20:39.435Z"}
{"level":"error","service":"your-service-name","timestamp":"2024-03-24T11:20:39.595Z"}
{"level":"error","service":"your-service-name","timestamp":"2024-03-24T11:20:39.765Z"}
{"level":"error","service":"your-service-name","timestamp":"2024-03-24T11:20:39.935Z"}
{"level":"error","service":"your-service-name","timestamp":"2024-03-24T11:20:44.698Z"}
{"level":"error","service":"your-service-name","timestamp":"2024-03-24T11:20:45.107Z"}
{"level":"error","service":"your-service-name","timestamp":"2024-03-24T11:20:45.296Z"}
{"level":"error","service":"your-service-name","timestamp":"2024-03-24T11:20:45.485Z"}
{"level":"error","service":"your-service-name","timestamp":"2024-03-24T11:21:00.087Z"}
{"level":"error","service":"your-service-name","timestamp":"2024-03-24T11:21:00.607Z"}
{"level":"error","service":"your-service-name","timestamp":"2024-03-24T11:21:00.796Z"}
{"level":"error","service":"your-service-name","timestamp":"2024-03-24T11:21:06.116Z"}
{"level":"error","service":"your-service-name","timestamp":"2024-03-24T11:21:06.256Z"}
{"level":"error","service":"your-service-name","timestamp":"2024-03-24T11:21:06.428Z"}
{"level":"error","service":"your-service-name","timestamp":"2024-03-24T11:21:06.597Z"}
{"level":"error","service":"your-service-name","timestamp":"2024-03-24T11:21:06.787Z"}
{"level":"error","service":"your-service-name","timestamp":"2024-03-24T11:21:06.955Z"}
{"level":"error","service":"your-service-name","timestamp":"2024-03-24T11:21:07.116Z"}
{"level":"error","service":"your-service-name","timestamp":"2024-03-24T11:21:07.316Z"}
{"level":"error","service":"your-service-name","timestamp":"2024-03-24T11:21:07.476Z"}
{"level":"error","service":"your-service-name","timestamp":"2024-03-24T12:16:38.200Z"}
{"level":"error","service":"your-service-name","timestamp":"2024-03-24T13:37:08.739Z"}
{"level":"info","message":"Today report is generated! 3/24/2024, 8:44:00 PM","service":"your-service-name","timestamp":"2024-03-24T20:44:00.752Z"}
{"level":"error","service":"your-service-name","timestamp":"2024-03-25T12:07:55.802Z"}
{"level":"error","service":"your-service-name","timestamp":"2024-03-25T12:07:56.702Z"}
{"level":"error","service":"your-service-name","timestamp":"2024-03-25T12:07:57.772Z"}
{"level":"error","service":"your-service-name","timestamp":"2024-03-25T12:08:19.511Z"}
{"level":"error","service":"your-service-name","timestamp":"2024-03-25T12:08:20.042Z"}
{"level":"error","service":"your-service-name","timestamp":"2024-03-25T12:08:20.296Z"}
{"level":"error","service":"your-service-name","timestamp":"2024-03-25T12:08:20.568Z"}
{"level":"error","service":"your-service-name","timestamp":"2024-03-25T12:08:20.781Z"}
{"level":"error","service":"your-service-name","timestamp":"2024-03-25T12:08:21.011Z"}
{"level":"error","service":"your-service-name","timestamp":"2024-03-25T12:08:21.231Z"}
{"level":"error","service":"your-service-name","timestamp":"2024-03-25T12:08:21.452Z"}
{"level":"error","service":"your-service-name","timestamp":"2024-03-25T12:08:21.651Z"}
{"level":"error","service":"your-service-name","timestamp":"2024-03-25T12:08:21.850Z"}
{"level":"error","service":"your-service-name","timestamp":"2024-03-25T12:08:22.051Z"}
{"level":"error","service":"your-service-name","timestamp":"2024-03-25T12:08:22.242Z"}
{"level":"error","service":"your-service-name","timestamp":"2024-03-25T12:08:22.521Z"}
{"level":"error","service":"your-service-name","timestamp":"2024-03-25T12:08:22.722Z"}
{"level":"info","message":"Today report is generated! 3/25/2024, 8:44:01 PM","service":"your-service-name","timestamp":"2024-03-25T20:44:01.028Z"}
{"code":"ECONNABORTED","expected":1683,"length":1683,"level":"error","message":"request aborted","received":0,"service":"your-service-name","timestamp":"2024-03-26T11:16:11.497Z","type":"request.aborted"}
{"code":"ECONNABORTED","expected":1682,"length":1682,"level":"error","message":"request aborted","received":0,"service":"your-service-name","timestamp":"2024-03-26T12:03:11.536Z","type":"request.aborted"}
{"code":"ECONNABORTED","expected":1682,"length":1682,"level":"error","message":"request aborted","received":0,"service":"your-service-name","timestamp":"2024-03-26T12:03:11.539Z","type":"request.aborted"}
{"code":"ECONNABORTED","expected":1682,"length":1682,"level":"error","message":"request aborted","received":0,"service":"your-service-name","timestamp":"2024-03-26T12:03:41.534Z","type":"request.aborted"}
{"code":"ECONNABORTED","expected":1683,"length":1683,"level":"error","message":"request aborted","received":0,"service":"your-service-name","timestamp":"2024-03-26T12:10:41.539Z","type":"request.aborted"}
{"code":"ECONNABORTED","expected":1683,"length":1683,"level":"error","message":"request aborted","received":0,"service":"your-service-name","timestamp":"2024-03-26T12:11:41.539Z","type":"request.aborted"}
{"level":"info","message":"Today report is generated! 3/26/2024, 8:44:01 PM","service":"your-service-name","timestamp":"2024-03-26T20:44:01.032Z"}
{"level":"info","message":"Server is running on port http://localhost:443","service":"your-service-name","timestamp":"2024-03-27T08:28:31.035Z"}
{"level":"info","message":"Server is running on port http://localhost:443","service":"your-service-name","timestamp":"2024-03-27T08:31:33.403Z"}
{"level":"info","message":"Server is running on port http://localhost:443","service":"your-service-name","timestamp":"2024-03-27T13:42:30.142Z"}
{"level":"info","message":"Server is running on port http://localhost:443","service":"your-service-name","timestamp":"2024-03-27T13:43:52.326Z"}
{"level":"info","message":"Today report is generated! 3/27/2024, 8:44:00 PM","service":"your-service-name","timestamp":"2024-03-27T20:44:00.886Z"}
{"level":"info","message":"Server is running on port http://localhost:443","service":"your-service-name","timestamp":"2024-03-28T06:23:56.326Z"}
{"level":"info","message":"Server is running on port http://localhost:443","service":"your-service-name","timestamp":"2024-03-28T06:25:52.294Z"}
{"level":"info","message":"Server is running on port http://localhost:443","service":"your-service-name","timestamp":"2024-03-28T06:27:38.487Z"}
{"level":"error","service":"your-service-name","timestamp":"2024-03-28T14:45:09.632Z"}
{"level":"error","service":"your-service-name","timestamp":"2024-03-28T14:45:11.723Z"}
{"level":"error","service":"your-service-name","timestamp":"2024-03-28T14:45:13.616Z"}
{"level":"info","message":"Today report is generated! 3/28/2024, 8:44:00 PM","service":"your-service-name","timestamp":"2024-03-28T20:44:00.837Z"}
