{"code":"ENOTFOUND","errno":-3008,"fatal":true,"hostname":"rookmatetech.com","level":"error","service":"your-service-name","syscall":"getaddrinfo","timestamp":"2024-03-20T10:47:35.156Z"}
{"level":"error","service":"your-service-name","timestamp":"2024-03-23T01:11:04.348Z"}
{"level":"error","service":"your-service-name","timestamp":"2024-03-23T01:11:48.672Z"}
{"client":"mysql","constraint":"shops.username_unique","level":"error","name":"UniqueViolationError","nativeError":{"code":"ER_DUP_ENTRY","errno":1062,"sql":"insert into `shops` (`cashierLimit`, `location`, `name`, `password`, `shopOwnerId`, `username`) values (10000, 'Oromia', 'bedele', '$2b$10$off6ZPaj.02xlj2WadCUxe6gUbk14vXhCuxmqqnOXoMDoGDP/Vn1W', 10, 'bedele')","sqlMessage":"Duplicate entry 'bedele' for key 'shops.username_unique'","sqlState":"23000"},"service":"your-service-name","timestamp":"2024-03-23T08:26:10.152Z"}
{"client":"mysql","constraint":"shops.username_unique","level":"error","name":"UniqueViolationError","nativeError":{"code":"ER_DUP_ENTRY","errno":1062,"sql":"insert into `shops` (`cashierLimit`, `location`, `name`, `password`, `shopOwnerId`, `username`) values (10000, 'Oromia', 'Sebeta 2', '$2b$10$UrFCRdFD.q/Uuo/tqU4NXulgc8N1bnzv/7TJJoiljO.8f2MHEvaRe', 24, 'sebeta2')","sqlMessage":"Duplicate entry 'sebeta2' for key 'shops.username_unique'","sqlState":"23000"},"service":"your-service-name","timestamp":"2024-03-23T13:10:49.391Z"}
{"client":"mysql","constraint":"shops.username_unique","level":"error","name":"UniqueViolationError","nativeError":{"code":"ER_DUP_ENTRY","errno":1062,"sql":"insert into `shops` (`cashierLimit`, `location`, `name`, `password`, `shopOwnerId`, `username`) values (10000, 'Oromia', 'Sebeta 2', '$2b$10$pH8H0H08g1fj5sdcTrahn.NLWCmXERez5gI2DkfWAX6G0Hpudnl0G', 24, 'sebeta2')","sqlMessage":"Duplicate entry 'sebeta2' for key 'shops.username_unique'","sqlState":"23000"},"service":"your-service-name","timestamp":"2024-03-23T13:33:53.554Z"}
{"client":"mysql","constraint":"shops.username_unique","level":"error","name":"UniqueViolationError","nativeError":{"code":"ER_DUP_ENTRY","errno":1062,"sql":"insert into `shops` (`cashierLimit`, `location`, `name`, `password`, `shopOwnerId`, `username`) values (10000, 'South Ethiopia', 'Sebeta 3', '$2b$10$YsCTG4lqSBb3CGcnQn/oueX4IiptZXfmzLMoYkK7JEWcumt/S.ZCC', 24, 'sebeta3')","sqlMessage":"Duplicate entry 'sebeta3' for key 'shops.username_unique'","sqlState":"23000"},"service":"your-service-name","timestamp":"2024-03-23T13:38:46.744Z"}
{"level":"error","service":"your-service-name","timestamp":"2024-03-23T14:35:14.756Z"}
{"level":"error","service":"your-service-name","timestamp":"2024-03-24T11:18:35.035Z"}
{"level":"error","service":"your-service-name","timestamp":"2024-03-24T11:18:36.719Z"}
{"level":"error","service":"your-service-name","timestamp":"2024-03-24T11:18:38.368Z"}
{"level":"error","service":"your-service-name","timestamp":"2024-03-24T11:18:38.618Z"}
{"level":"error","service":"your-service-name","timestamp":"2024-03-24T11:18:39.010Z"}
{"level":"error","service":"your-service-name","timestamp":"2024-03-24T11:18:39.228Z"}
{"level":"error","service":"your-service-name","timestamp":"2024-03-24T11:18:39.417Z"}
{"level":"error","service":"your-service-name","timestamp":"2024-03-24T11:18:39.616Z"}
{"level":"error","service":"your-service-name","timestamp":"2024-03-24T11:18:39.906Z"}
{"level":"error","service":"your-service-name","timestamp":"2024-03-24T11:18:44.198Z"}
{"level":"error","service":"your-service-name","timestamp":"2024-03-24T11:18:44.858Z"}
{"level":"error","service":"your-service-name","timestamp":"2024-03-24T11:18:45.449Z"}
{"level":"error","service":"your-service-name","timestamp":"2024-03-24T11:19:58.386Z"}
{"level":"error","service":"your-service-name","timestamp":"2024-03-24T11:19:59.417Z"}
{"level":"error","service":"your-service-name","timestamp":"2024-03-24T11:20:09.527Z"}
{"level":"error","service":"your-service-name","timestamp":"2024-03-24T11:20:23.267Z"}
{"level":"error","service":"your-service-name","timestamp":"2024-03-24T11:20:24.447Z"}
{"level":"error","service":"your-service-name","timestamp":"2024-03-24T11:20:24.846Z"}
{"level":"error","service":"your-service-name","timestamp":"2024-03-24T11:20:25.246Z"}
{"level":"error","service":"your-service-name","timestamp":"2024-03-24T11:20:25.616Z"}
{"level":"error","service":"your-service-name","timestamp":"2024-03-24T11:20:25.976Z"}
{"level":"error","service":"your-service-name","timestamp":"2024-03-24T11:20:26.336Z"}
{"level":"error","service":"your-service-name","timestamp":"2024-03-24T11:20:26.656Z"}
{"level":"error","service":"your-service-name","timestamp":"2024-03-24T11:20:26.938Z"}
{"level":"error","service":"your-service-name","timestamp":"2024-03-24T11:20:27.167Z"}
{"level":"error","service":"your-service-name","timestamp":"2024-03-24T11:20:27.367Z"}
{"level":"error","service":"your-service-name","timestamp":"2024-03-24T11:20:27.926Z"}
{"level":"error","service":"your-service-name","timestamp":"2024-03-24T11:20:28.195Z"}
{"level":"error","service":"your-service-name","timestamp":"2024-03-24T11:20:28.445Z"}
{"level":"error","service":"your-service-name","timestamp":"2024-03-24T11:20:33.506Z"}
{"level":"error","service":"your-service-name","timestamp":"2024-03-24T11:20:34.206Z"}
{"level":"error","service":"your-service-name","timestamp":"2024-03-24T11:20:34.440Z"}
{"level":"error","service":"your-service-name","timestamp":"2024-03-24T11:20:34.663Z"}
{"level":"error","service":"your-service-name","timestamp":"2024-03-24T11:20:34.889Z"}
{"level":"error","service":"your-service-name","timestamp":"2024-03-24T11:20:35.096Z"}
{"level":"error","service":"your-service-name","timestamp":"2024-03-24T11:20:35.267Z"}
{"level":"error","service":"your-service-name","timestamp":"2024-03-24T11:20:35.435Z"}
{"level":"error","service":"your-service-name","timestamp":"2024-03-24T11:20:35.803Z"}
{"level":"error","service":"your-service-name","timestamp":"2024-03-24T11:20:35.995Z"}
{"level":"error","service":"your-service-name","timestamp":"2024-03-24T11:20:36.196Z"}
{"level":"error","service":"your-service-name","timestamp":"2024-03-24T11:20:36.556Z"}
{"level":"error","service":"your-service-name","timestamp":"2024-03-24T11:20:36.745Z"}
{"level":"error","service":"your-service-name","timestamp":"2024-03-24T11:20:36.926Z"}
{"level":"error","service":"your-service-name","timestamp":"2024-03-24T11:20:37.127Z"}
{"level":"error","service":"your-service-name","timestamp":"2024-03-24T11:20:37.295Z"}
{"level":"error","service":"your-service-name","timestamp":"2024-03-24T11:20:37.644Z"}
{"level":"error","service":"your-service-name","timestamp":"2024-03-24T11:20:37.816Z"}
{"level":"error","service":"your-service-name","timestamp":"2024-03-24T11:20:38.015Z"}
{"level":"error","service":"your-service-name","timestamp":"2024-03-24T11:20:38.195Z"}
{"level":"error","service":"your-service-name","timestamp":"2024-03-24T11:20:38.365Z"}
{"level":"error","service":"your-service-name","timestamp":"2024-03-24T11:20:38.605Z"}
{"level":"error","service":"your-service-name","timestamp":"2024-03-24T11:20:38.724Z"}
{"level":"error","service":"your-service-name","timestamp":"2024-03-24T11:20:38.915Z"}
{"level":"error","service":"your-service-name","timestamp":"2024-03-24T11:20:39.095Z"}
{"level":"error","service":"your-service-name","timestamp":"2024-03-24T11:20:39.256Z"}
{"level":"error","service":"your-service-name","timestamp":"2024-03-24T11:20:39.435Z"}
{"level":"error","service":"your-service-name","timestamp":"2024-03-24T11:20:39.595Z"}
{"level":"error","service":"your-service-name","timestamp":"2024-03-24T11:20:39.765Z"}
{"level":"error","service":"your-service-name","timestamp":"2024-03-24T11:20:39.935Z"}
{"level":"error","service":"your-service-name","timestamp":"2024-03-24T11:20:44.698Z"}
{"level":"error","service":"your-service-name","timestamp":"2024-03-24T11:20:45.107Z"}
{"level":"error","service":"your-service-name","timestamp":"2024-03-24T11:20:45.296Z"}
{"level":"error","service":"your-service-name","timestamp":"2024-03-24T11:20:45.485Z"}
{"level":"error","service":"your-service-name","timestamp":"2024-03-24T11:21:00.087Z"}
{"level":"error","service":"your-service-name","timestamp":"2024-03-24T11:21:00.607Z"}
{"level":"error","service":"your-service-name","timestamp":"2024-03-24T11:21:00.796Z"}
{"level":"error","service":"your-service-name","timestamp":"2024-03-24T11:21:06.116Z"}
{"level":"error","service":"your-service-name","timestamp":"2024-03-24T11:21:06.256Z"}
{"level":"error","service":"your-service-name","timestamp":"2024-03-24T11:21:06.428Z"}
{"level":"error","service":"your-service-name","timestamp":"2024-03-24T11:21:06.597Z"}
{"level":"error","service":"your-service-name","timestamp":"2024-03-24T11:21:06.787Z"}
{"level":"error","service":"your-service-name","timestamp":"2024-03-24T11:21:06.955Z"}
{"level":"error","service":"your-service-name","timestamp":"2024-03-24T11:21:07.116Z"}
{"level":"error","service":"your-service-name","timestamp":"2024-03-24T11:21:07.316Z"}
{"level":"error","service":"your-service-name","timestamp":"2024-03-24T11:21:07.476Z"}
{"level":"error","service":"your-service-name","timestamp":"2024-03-24T12:16:38.200Z"}
{"level":"error","service":"your-service-name","timestamp":"2024-03-24T13:37:08.739Z"}
{"level":"error","service":"your-service-name","timestamp":"2024-03-25T12:07:55.802Z"}
{"level":"error","service":"your-service-name","timestamp":"2024-03-25T12:07:56.702Z"}
{"level":"error","service":"your-service-name","timestamp":"2024-03-25T12:07:57.772Z"}
{"level":"error","service":"your-service-name","timestamp":"2024-03-25T12:08:19.511Z"}
{"level":"error","service":"your-service-name","timestamp":"2024-03-25T12:08:20.042Z"}
{"level":"error","service":"your-service-name","timestamp":"2024-03-25T12:08:20.296Z"}
{"level":"error","service":"your-service-name","timestamp":"2024-03-25T12:08:20.568Z"}
{"level":"error","service":"your-service-name","timestamp":"2024-03-25T12:08:20.781Z"}
{"level":"error","service":"your-service-name","timestamp":"2024-03-25T12:08:21.011Z"}
{"level":"error","service":"your-service-name","timestamp":"2024-03-25T12:08:21.231Z"}
{"level":"error","service":"your-service-name","timestamp":"2024-03-25T12:08:21.452Z"}
{"level":"error","service":"your-service-name","timestamp":"2024-03-25T12:08:21.651Z"}
{"level":"error","service":"your-service-name","timestamp":"2024-03-25T12:08:21.850Z"}
{"level":"error","service":"your-service-name","timestamp":"2024-03-25T12:08:22.051Z"}
{"level":"error","service":"your-service-name","timestamp":"2024-03-25T12:08:22.242Z"}
{"level":"error","service":"your-service-name","timestamp":"2024-03-25T12:08:22.521Z"}
{"level":"error","service":"your-service-name","timestamp":"2024-03-25T12:08:22.722Z"}
{"code":"ECONNABORTED","expected":1683,"length":1683,"level":"error","message":"request aborted","received":0,"service":"your-service-name","timestamp":"2024-03-26T11:16:11.497Z","type":"request.aborted"}
{"code":"ECONNABORTED","expected":1682,"length":1682,"level":"error","message":"request aborted","received":0,"service":"your-service-name","timestamp":"2024-03-26T12:03:11.536Z","type":"request.aborted"}
{"code":"ECONNABORTED","expected":1682,"length":1682,"level":"error","message":"request aborted","received":0,"service":"your-service-name","timestamp":"2024-03-26T12:03:11.539Z","type":"request.aborted"}
{"code":"ECONNABORTED","expected":1682,"length":1682,"level":"error","message":"request aborted","received":0,"service":"your-service-name","timestamp":"2024-03-26T12:03:41.534Z","type":"request.aborted"}
{"code":"ECONNABORTED","expected":1683,"length":1683,"level":"error","message":"request aborted","received":0,"service":"your-service-name","timestamp":"2024-03-26T12:10:41.539Z","type":"request.aborted"}
{"code":"ECONNABORTED","expected":1683,"length":1683,"level":"error","message":"request aborted","received":0,"service":"your-service-name","timestamp":"2024-03-26T12:11:41.539Z","type":"request.aborted"}
{"level":"error","service":"your-service-name","timestamp":"2024-03-28T14:45:09.632Z"}
{"level":"error","service":"your-service-name","timestamp":"2024-03-28T14:45:11.723Z"}
{"level":"error","service":"your-service-name","timestamp":"2024-03-28T14:45:13.616Z"}
