{"code":"ENOTFOUND","errno":-3008,"fatal":true,"hostname":"rookmatetech.com","level":"error","service":"your-service-name","syscall":"getaddrinfo","timestamp":"2024-03-20T10:47:35.156Z"}
{"level":"error","service":"your-service-name","timestamp":"2024-03-23T01:11:04.348Z"}
{"level":"error","service":"your-service-name","timestamp":"2024-03-23T01:11:48.672Z"}
{"client":"mysql","constraint":"shops.username_unique","level":"error","name":"UniqueViolationError","nativeError":{"code":"ER_DUP_ENTRY","errno":1062,"sql":"insert into `shops` (`cashierLimit`, `location`, `name`, `password`, `shopOwnerId`, `username`) values (10000, 'Oromia', 'bedele', '$2b$10$off6ZPaj.02xlj2WadCUxe6gUbk14vXhCuxmqqnOXoMDoGDP/Vn1W', 10, 'bedele')","sqlMessage":"Duplicate entry 'bedele' for key 'shops.username_unique'","sqlState":"23000"},"service":"your-service-name","timestamp":"2024-03-23T08:26:10.152Z"}
{"client":"mysql","constraint":"shops.username_unique","level":"error","name":"UniqueViolationError","nativeError":{"code":"ER_DUP_ENTRY","errno":1062,"sql":"insert into `shops` (`cashierLimit`, `location`, `name`, `password`, `shopOwnerId`, `username`) values (10000, 'Oromia', 'Sebeta 2', '$2b$10$UrFCRdFD.q/Uuo/tqU4NXulgc8N1bnzv/7TJJoiljO.8f2MHEvaRe', 24, 'sebeta2')","sqlMessage":"Duplicate entry 'sebeta2' for key 'shops.username_unique'","sqlState":"23000"},"service":"your-service-name","timestamp":"2024-03-23T13:10:49.391Z"}
{"client":"mysql","constraint":"shops.username_unique","level":"error","name":"UniqueViolationError","nativeError":{"code":"ER_DUP_ENTRY","errno":1062,"sql":"insert into `shops` (`cashierLimit`, `location`, `name`, `password`, `shopOwnerId`, `username`) values (10000, 'Oromia', 'Sebeta 2', '$2b$10$pH8H0H08g1fj5sdcTrahn.NLWCmXERez5gI2DkfWAX6G0Hpudnl0G', 24, 'sebeta2')","sqlMessage":"Duplicate entry 'sebeta2' for key 'shops.username_unique'","sqlState":"23000"},"service":"your-service-name","timestamp":"2024-03-23T13:33:53.554Z"}
{"client":"mysql","constraint":"shops.username_unique","level":"error","name":"UniqueViolationError","nativeError":{"code":"ER_DUP_ENTRY","errno":1062,"sql":"insert into `shops` (`cashierLimit`, `location`, `name`, `password`, `shopOwnerId`, `username`) values (10000, 'South Ethiopia', 'Sebeta 3', '$2b$10$YsCTG4lqSBb3CGcnQn/oueX4IiptZXfmzLMoYkK7JEWcumt/S.ZCC', 24, 'sebeta3')","sqlMessage":"Duplicate entry 'sebeta3' for key 'shops.username_unique'","sqlState":"23000"},"service":"your-service-name","timestamp":"2024-03-23T13:38:46.744Z"}
{"level":"error","service":"your-service-name","timestamp":"2024-03-23T14:35:14.756Z"}
{"level":"error","service":"your-service-name","timestamp":"2024-03-24T11:18:35.035Z"}
{"level":"error","service":"your-service-name","timestamp":"2024-03-24T11:18:36.719Z"}
{"level":"error","service":"your-service-name","timestamp":"2024-03-24T11:18:38.368Z"}
{"level":"error","service":"your-service-name","timestamp":"2024-03-24T11:18:38.618Z"}
{"level":"error","service":"your-service-name","timestamp":"2024-03-24T11:18:39.010Z"}
{"level":"error","service":"your-service-name","timestamp":"2024-03-24T11:18:39.228Z"}
{"level":"error","service":"your-service-name","timestamp":"2024-03-24T11:18:39.417Z"}
{"level":"error","service":"your-service-name","timestamp":"2024-03-24T11:18:39.616Z"}
{"level":"error","service":"your-service-name","timestamp":"2024-03-24T11:18:39.906Z"}
{"level":"error","service":"your-service-name","timestamp":"2024-03-24T11:18:44.198Z"}
{"level":"error","service":"your-service-name","timestamp":"2024-03-24T11:18:44.858Z"}
{"level":"error","service":"your-service-name","timestamp":"2024-03-24T11:18:45.449Z"}
{"level":"error","service":"your-service-name","timestamp":"2024-03-24T11:19:58.386Z"}
{"level":"error","service":"your-service-name","timestamp":"2024-03-24T11:19:59.417Z"}
{"level":"error","service":"your-service-name","timestamp":"2024-03-24T11:20:09.527Z"}
{"level":"error","service":"your-service-name","timestamp":"2024-03-24T11:20:23.267Z"}
{"level":"error","service":"your-service-name","timestamp":"2024-03-24T11:20:24.447Z"}
{"level":"error","service":"your-service-name","timestamp":"2024-03-24T11:20:24.846Z"}
{"level":"error","service":"your-service-name","timestamp":"2024-03-24T11:20:25.246Z"}
{"level":"error","service":"your-service-name","timestamp":"2024-03-24T11:20:25.616Z"}
{"level":"error","service":"your-service-name","timestamp":"2024-03-24T11:20:25.976Z"}
{"level":"error","service":"your-service-name","timestamp":"2024-03-24T11:20:26.336Z"}
{"level":"error","service":"your-service-name","timestamp":"2024-03-24T11:20:26.656Z"}
{"level":"error","service":"your-service-name","timestamp":"2024-03-24T11:20:26.938Z"}
{"level":"error","service":"your-service-name","timestamp":"2024-03-24T11:20:27.167Z"}
{"level":"error","service":"your-service-name","timestamp":"2024-03-24T11:20:27.367Z"}
{"level":"error","service":"your-service-name","timestamp":"2024-03-24T11:20:27.926Z"}
{"level":"error","service":"your-service-name","timestamp":"2024-03-24T11:20:28.195Z"}
{"level":"error","service":"your-service-name","timestamp":"2024-03-24T11:20:28.445Z"}
{"level":"error","service":"your-service-name","timestamp":"2024-03-24T11:20:33.506Z"}
{"level":"error","service":"your-service-name","timestamp":"2024-03-24T11:20:34.206Z"}
{"level":"error","service":"your-service-name","timestamp":"2024-03-24T11:20:34.440Z"}
{"level":"error","service":"your-service-name","timestamp":"2024-03-24T11:20:34.663Z"}
{"level":"error","service":"your-service-name","timestamp":"2024-03-24T11:20:34.889Z"}
{"level":"error","service":"your-service-name","timestamp":"2024-03-24T11:20:35.096Z"}
{"level":"error","service":"your-service-name","timestamp":"2024-03-24T11:20:35.267Z"}
{"level":"error","service":"your-service-name","timestamp":"2024-03-24T11:20:35.435Z"}
{"level":"error","service":"your-service-name","timestamp":"2024-03-24T11:20:35.803Z"}
{"level":"error","service":"your-service-name","timestamp":"2024-03-24T11:20:35.995Z"}
{"level":"error","service":"your-service-name","timestamp":"2024-03-24T11:20:36.196Z"}
{"level":"error","service":"your-service-name","timestamp":"2024-03-24T11:20:36.556Z"}
{"level":"error","service":"your-service-name","timestamp":"2024-03-24T11:20:36.745Z"}
{"level":"error","service":"your-service-name","timestamp":"2024-03-24T11:20:36.926Z"}
{"level":"error","service":"your-service-name","timestamp":"2024-03-24T11:20:37.127Z"}
{"level":"error","service":"your-service-name","timestamp":"2024-03-24T11:20:37.295Z"}
{"level":"error","service":"your-service-name","timestamp":"2024-03-24T11:20:37.644Z"}
{"level":"error","service":"your-service-name","timestamp":"2024-03-24T11:20:37.816Z"}
{"level":"error","service":"your-service-name","timestamp":"2024-03-24T11:20:38.015Z"}
{"level":"error","service":"your-service-name","timestamp":"2024-03-24T11:20:38.195Z"}
{"level":"error","service":"your-service-name","timestamp":"2024-03-24T11:20:38.365Z"}
{"level":"error","service":"your-service-name","timestamp":"2024-03-24T11:20:38.605Z"}
{"level":"error","service":"your-service-name","timestamp":"2024-03-24T11:20:38.724Z"}
{"level":"error","service":"your-service-name","timestamp":"2024-03-24T11:20:38.915Z"}
{"level":"error","service":"your-service-name","timestamp":"2024-03-24T11:20:39.095Z"}
{"level":"error","service":"your-service-name","timestamp":"2024-03-24T11:20:39.256Z"}
{"level":"error","service":"your-service-name","timestamp":"2024-03-24T11:20:39.435Z"}
{"level":"error","service":"your-service-name","timestamp":"2024-03-24T11:20:39.595Z"}
{"level":"error","service":"your-service-name","timestamp":"2024-03-24T11:20:39.765Z"}
{"level":"error","service":"your-service-name","timestamp":"2024-03-24T11:20:39.935Z"}
{"level":"error","service":"your-service-name","timestamp":"2024-03-24T11:20:44.698Z"}
{"level":"error","service":"your-service-name","timestamp":"2024-03-24T11:20:45.107Z"}
{"level":"error","service":"your-service-name","timestamp":"2024-03-24T11:20:45.296Z"}
{"level":"error","service":"your-service-name","timestamp":"2024-03-24T11:20:45.485Z"}
{"level":"error","service":"your-service-name","timestamp":"2024-03-24T11:21:00.087Z"}
{"level":"error","service":"your-service-name","timestamp":"2024-03-24T11:21:00.607Z"}
{"level":"error","service":"your-service-name","timestamp":"2024-03-24T11:21:00.796Z"}
{"level":"error","service":"your-service-name","timestamp":"2024-03-24T11:21:06.116Z"}
{"level":"error","service":"your-service-name","timestamp":"2024-03-24T11:21:06.256Z"}
{"level":"error","service":"your-service-name","timestamp":"2024-03-24T11:21:06.428Z"}
{"level":"error","service":"your-service-name","timestamp":"2024-03-24T11:21:06.597Z"}
{"level":"error","service":"your-service-name","timestamp":"2024-03-24T11:21:06.787Z"}
{"level":"error","service":"your-service-name","timestamp":"2024-03-24T11:21:06.955Z"}
{"level":"error","service":"your-service-name","timestamp":"2024-03-24T11:21:07.116Z"}
{"level":"error","service":"your-service-name","timestamp":"2024-03-24T11:21:07.316Z"}
{"level":"error","service":"your-service-name","timestamp":"2024-03-24T11:21:07.476Z"}
{"level":"error","service":"your-service-name","timestamp":"2024-03-24T12:16:38.200Z"}
{"level":"error","service":"your-service-name","timestamp":"2024-03-24T13:37:08.739Z"}
{"level":"error","service":"your-service-name","timestamp":"2024-03-25T12:07:55.802Z"}
{"level":"error","service":"your-service-name","timestamp":"2024-03-25T12:07:56.702Z"}
{"level":"error","service":"your-service-name","timestamp":"2024-03-25T12:07:57.772Z"}
{"level":"error","service":"your-service-name","timestamp":"2024-03-25T12:08:19.511Z"}
{"level":"error","service":"your-service-name","timestamp":"2024-03-25T12:08:20.042Z"}
{"level":"error","service":"your-service-name","timestamp":"2024-03-25T12:08:20.296Z"}
{"level":"error","service":"your-service-name","timestamp":"2024-03-25T12:08:20.568Z"}
{"level":"error","service":"your-service-name","timestamp":"2024-03-25T12:08:20.781Z"}
{"level":"error","service":"your-service-name","timestamp":"2024-03-25T12:08:21.011Z"}
{"level":"error","service":"your-service-name","timestamp":"2024-03-25T12:08:21.231Z"}
{"level":"error","service":"your-service-name","timestamp":"2024-03-25T12:08:21.452Z"}
{"level":"error","service":"your-service-name","timestamp":"2024-03-25T12:08:21.651Z"}
{"level":"error","service":"your-service-name","timestamp":"2024-03-25T12:08:21.850Z"}
{"level":"error","service":"your-service-name","timestamp":"2024-03-25T12:08:22.051Z"}
{"level":"error","service":"your-service-name","timestamp":"2024-03-25T12:08:22.242Z"}
{"level":"error","service":"your-service-name","timestamp":"2024-03-25T12:08:22.521Z"}
{"level":"error","service":"your-service-name","timestamp":"2024-03-25T12:08:22.722Z"}
{"code":"ECONNABORTED","expected":1683,"length":1683,"level":"error","message":"request aborted","received":0,"service":"your-service-name","timestamp":"2024-03-26T11:16:11.497Z","type":"request.aborted"}
{"code":"ECONNABORTED","expected":1682,"length":1682,"level":"error","message":"request aborted","received":0,"service":"your-service-name","timestamp":"2024-03-26T12:03:11.536Z","type":"request.aborted"}
{"code":"ECONNABORTED","expected":1682,"length":1682,"level":"error","message":"request aborted","received":0,"service":"your-service-name","timestamp":"2024-03-26T12:03:11.539Z","type":"request.aborted"}
{"code":"ECONNABORTED","expected":1682,"length":1682,"level":"error","message":"request aborted","received":0,"service":"your-service-name","timestamp":"2024-03-26T12:03:41.534Z","type":"request.aborted"}
{"code":"ECONNABORTED","expected":1683,"length":1683,"level":"error","message":"request aborted","received":0,"service":"your-service-name","timestamp":"2024-03-26T12:10:41.539Z","type":"request.aborted"}
{"code":"ECONNABORTED","expected":1683,"length":1683,"level":"error","message":"request aborted","received":0,"service":"your-service-name","timestamp":"2024-03-26T12:11:41.539Z","type":"request.aborted"}
{"level":"error","service":"your-service-name","timestamp":"2024-03-28T14:45:09.632Z"}
{"level":"error","service":"your-service-name","timestamp":"2024-03-28T14:45:11.723Z"}
{"level":"error","service":"your-service-name","timestamp":"2024-03-28T14:45:13.616Z"}
{"level":"error","service":"your-service-name","timestamp":"2024-03-29T09:35:06.979Z"}
{"level":"error","service":"your-service-name","timestamp":"2024-03-29T09:35:07.280Z"}
{"level":"error","service":"your-service-name","timestamp":"2024-03-29T09:35:07.362Z"}
{"level":"error","service":"your-service-name","timestamp":"2024-03-29T09:35:07.597Z"}
{"level":"error","service":"your-service-name","timestamp":"2024-03-29T09:35:07.902Z"}
{"level":"error","service":"your-service-name","timestamp":"2024-03-29T09:35:08.692Z"}
{"level":"error","service":"your-service-name","timestamp":"2024-03-29T09:35:09.204Z"}
{"level":"error","service":"your-service-name","timestamp":"2024-03-29T09:35:09.450Z"}
{"level":"error","service":"your-service-name","timestamp":"2024-03-29T09:35:09.684Z"}
{"level":"error","service":"your-service-name","timestamp":"2024-03-29T09:35:12.984Z"}
{"level":"error","service":"your-service-name","timestamp":"2024-03-29T09:35:13.132Z"}
{"level":"error","service":"your-service-name","timestamp":"2024-03-29T09:35:13.958Z"}
{"level":"error","service":"your-service-name","timestamp":"2024-03-29T09:35:13.959Z"}
{"level":"error","service":"your-service-name","timestamp":"2024-03-29T09:35:13.990Z"}
{"level":"error","service":"your-service-name","timestamp":"2024-03-29T09:35:14.285Z"}
{"level":"error","service":"your-service-name","timestamp":"2024-03-29T09:35:14.413Z"}
{"level":"error","service":"your-service-name","timestamp":"2024-03-29T09:35:14.627Z"}
{"level":"error","service":"your-service-name","timestamp":"2024-03-29T09:35:14.932Z"}
{"level":"error","service":"your-service-name","timestamp":"2024-03-29T09:35:15.342Z"}
{"level":"error","service":"your-service-name","timestamp":"2024-03-29T09:35:16.668Z"}
{"level":"error","service":"your-service-name","timestamp":"2024-03-29T09:35:17.453Z"}
{"level":"error","service":"your-service-name","timestamp":"2024-03-29T09:37:05.669Z"}
{"level":"error","service":"your-service-name","timestamp":"2024-03-29T09:37:05.700Z"}
{"level":"error","service":"your-service-name","timestamp":"2024-03-29T09:37:06.788Z"}
{"level":"error","service":"your-service-name","timestamp":"2024-03-29T09:37:06.865Z"}
{"level":"error","service":"your-service-name","timestamp":"2024-03-29T09:37:06.881Z"}
{"level":"error","service":"your-service-name","timestamp":"2024-03-29T09:37:07.359Z"}
{"level":"error","service":"your-service-name","timestamp":"2024-03-29T09:37:07.485Z"}
{"level":"error","service":"your-service-name","timestamp":"2024-03-29T09:37:07.643Z"}
{"level":"error","service":"your-service-name","timestamp":"2024-03-29T09:37:12.659Z"}
{"level":"error","service":"your-service-name","timestamp":"2024-03-29T09:37:12.718Z"}
{"level":"error","service":"your-service-name","timestamp":"2024-03-29T09:37:13.837Z"}
{"level":"error","service":"your-service-name","timestamp":"2024-03-29T09:37:13.864Z"}
{"level":"error","service":"your-service-name","timestamp":"2024-03-29T09:37:13.982Z"}
{"level":"error","service":"your-service-name","timestamp":"2024-03-29T09:37:14.013Z"}
{"level":"error","service":"your-service-name","timestamp":"2024-03-29T09:37:14.125Z"}
{"level":"error","service":"your-service-name","timestamp":"2024-03-29T09:37:14.623Z"}
{"level":"error","service":"your-service-name","timestamp":"2024-03-29T09:39:02.860Z"}
{"level":"error","service":"your-service-name","timestamp":"2024-03-29T09:39:03.634Z"}
{"level":"error","service":"your-service-name","timestamp":"2024-03-29T09:39:04.598Z"}
{"level":"error","service":"your-service-name","timestamp":"2024-03-29T09:39:05.679Z"}
{"level":"error","service":"your-service-name","timestamp":"2024-03-29T09:39:05.845Z"}
{"level":"error","service":"your-service-name","timestamp":"2024-03-29T09:39:05.948Z"}
{"level":"error","service":"your-service-name","timestamp":"2024-03-29T09:39:05.984Z"}
{"level":"error","service":"your-service-name","timestamp":"2024-03-29T09:39:06.608Z"}
{"level":"error","service":"your-service-name","timestamp":"2024-03-29T09:39:06.929Z"}
{"level":"error","service":"your-service-name","timestamp":"2024-03-29T09:39:07.241Z"}
{"level":"error","service":"your-service-name","timestamp":"2024-03-29T09:39:07.377Z"}
{"level":"error","service":"your-service-name","timestamp":"2024-03-29T09:39:07.639Z"}
{"level":"error","service":"your-service-name","timestamp":"2024-03-29T09:39:07.724Z"}
{"level":"error","service":"your-service-name","timestamp":"2024-03-29T09:39:07.801Z"}
{"level":"error","service":"your-service-name","timestamp":"2024-03-29T09:39:08.248Z"}
{"level":"error","service":"your-service-name","timestamp":"2024-03-29T09:39:09.606Z"}
{"level":"error","service":"your-service-name","timestamp":"2024-03-29T09:39:09.894Z"}
{"level":"error","service":"your-service-name","timestamp":"2024-03-29T09:39:10.153Z"}
{"level":"error","service":"your-service-name","timestamp":"2024-03-29T09:39:10.636Z"}
{"level":"error","service":"your-service-name","timestamp":"2024-03-29T09:39:11.618Z"}
{"level":"error","service":"your-service-name","timestamp":"2024-03-29T09:39:12.597Z"}
{"level":"error","service":"your-service-name","timestamp":"2024-03-29T09:39:12.670Z"}
{"level":"error","service":"your-service-name","timestamp":"2024-03-29T09:39:12.967Z"}
{"level":"error","service":"your-service-name","timestamp":"2024-03-29T09:39:13.013Z"}
{"level":"error","service":"your-service-name","timestamp":"2024-03-29T09:39:13.567Z"}
{"level":"error","service":"your-service-name","timestamp":"2024-03-29T09:39:13.829Z"}
{"level":"error","service":"your-service-name","timestamp":"2024-03-29T09:39:13.936Z"}
{"level":"error","service":"your-service-name","timestamp":"2024-03-29T09:39:14.275Z"}
{"level":"error","service":"your-service-name","timestamp":"2024-03-29T09:39:14.316Z"}
{"level":"error","service":"your-service-name","timestamp":"2024-03-29T09:39:14.490Z"}
{"level":"error","service":"your-service-name","timestamp":"2024-03-29T09:39:14.628Z"}
{"level":"error","service":"your-service-name","timestamp":"2024-03-29T09:39:14.882Z"}
{"level":"error","service":"your-service-name","timestamp":"2024-03-29T09:39:16.240Z"}
{"level":"error","service":"your-service-name","timestamp":"2024-03-29T09:39:16.392Z"}
{"level":"error","service":"your-service-name","timestamp":"2024-03-29T09:39:16.566Z"}
{"level":"error","service":"your-service-name","timestamp":"2024-03-29T09:41:05.691Z"}
{"level":"error","service":"your-service-name","timestamp":"2024-03-29T09:41:05.719Z"}
{"level":"error","service":"your-service-name","timestamp":"2024-03-29T09:41:06.838Z"}
{"level":"error","service":"your-service-name","timestamp":"2024-03-29T09:41:06.851Z"}
{"level":"error","service":"your-service-name","timestamp":"2024-03-29T09:41:07.016Z"}
{"level":"error","service":"your-service-name","timestamp":"2024-03-29T09:41:07.185Z"}
{"level":"error","service":"your-service-name","timestamp":"2024-03-29T09:41:07.671Z"}
{"level":"error","service":"your-service-name","timestamp":"2024-03-29T09:41:12.680Z"}
{"level":"error","service":"your-service-name","timestamp":"2024-03-29T09:41:12.736Z"}
{"level":"error","service":"your-service-name","timestamp":"2024-03-29T09:41:13.822Z"}
{"level":"error","service":"your-service-name","timestamp":"2024-03-29T09:41:13.848Z"}
{"level":"error","service":"your-service-name","timestamp":"2024-03-29T09:41:14.017Z"}
{"level":"error","service":"your-service-name","timestamp":"2024-03-29T09:41:14.665Z"}
{"level":"error","service":"your-service-name","timestamp":"2024-03-29T09:41:14.672Z"}
{"level":"error","service":"your-service-name","timestamp":"2024-03-29T09:43:02.897Z"}
{"level":"error","service":"your-service-name","timestamp":"2024-03-29T09:43:03.614Z"}
{"level":"error","service":"your-service-name","timestamp":"2024-03-29T09:43:04.810Z"}
{"level":"error","service":"your-service-name","timestamp":"2024-03-29T09:43:05.618Z"}
{"level":"error","service":"your-service-name","timestamp":"2024-03-29T09:43:05.671Z"}
{"level":"error","service":"your-service-name","timestamp":"2024-03-29T09:43:05.984Z"}
{"level":"error","service":"your-service-name","timestamp":"2024-03-29T09:43:06.561Z"}
{"level":"error","service":"your-service-name","timestamp":"2024-03-29T09:43:06.940Z"}
{"level":"error","service":"your-service-name","timestamp":"2024-03-29T09:43:06.948Z"}
{"level":"error","service":"your-service-name","timestamp":"2024-03-29T09:43:07.508Z"}
{"level":"error","service":"your-service-name","timestamp":"2024-03-29T09:43:07.658Z"}
{"level":"error","service":"your-service-name","timestamp":"2024-03-29T09:43:08.279Z"}
{"level":"error","service":"your-service-name","timestamp":"2024-03-29T09:43:08.595Z"}
{"level":"error","service":"your-service-name","timestamp":"2024-03-29T09:43:09.544Z"}
{"level":"error","service":"your-service-name","timestamp":"2024-03-29T09:43:09.873Z"}
{"level":"error","service":"your-service-name","timestamp":"2024-03-29T09:43:10.162Z"}
{"level":"error","service":"your-service-name","timestamp":"2024-03-29T09:43:10.636Z"}
{"level":"error","service":"your-service-name","timestamp":"2024-03-29T09:43:11.636Z"}
{"level":"error","service":"your-service-name","timestamp":"2024-03-29T09:43:12.639Z"}
{"level":"error","service":"your-service-name","timestamp":"2024-03-29T09:43:12.661Z"}
{"level":"error","service":"your-service-name","timestamp":"2024-03-29T09:43:13.009Z"}
{"level":"error","service":"your-service-name","timestamp":"2024-03-29T09:43:13.570Z"}
{"level":"error","service":"your-service-name","timestamp":"2024-03-29T09:43:13.575Z"}
{"level":"error","service":"your-service-name","timestamp":"2024-03-29T09:43:13.962Z"}
{"level":"error","service":"your-service-name","timestamp":"2024-03-29T09:43:14.521Z"}
{"level":"error","service":"your-service-name","timestamp":"2024-03-29T09:43:14.585Z"}
{"level":"error","service":"your-service-name","timestamp":"2024-03-29T09:43:14.658Z"}
{"level":"error","service":"your-service-name","timestamp":"2024-03-29T09:43:15.948Z"}
{"level":"error","service":"your-service-name","timestamp":"2024-03-29T09:43:16.242Z"}
{"level":"error","service":"your-service-name","timestamp":"2024-03-29T09:43:16.534Z"}
{"level":"error","service":"your-service-name","timestamp":"2024-03-29T09:45:05.651Z"}
{"level":"error","service":"your-service-name","timestamp":"2024-03-29T09:45:06.830Z"}
{"level":"error","service":"your-service-name","timestamp":"2024-03-29T09:45:07.019Z"}
{"level":"error","service":"your-service-name","timestamp":"2024-03-29T09:45:07.287Z"}
{"level":"error","service":"your-service-name","timestamp":"2024-03-29T09:45:12.718Z"}
{"level":"error","service":"your-service-name","timestamp":"2024-03-29T09:45:13.817Z"}
{"level":"error","service":"your-service-name","timestamp":"2024-03-29T09:45:14.025Z"}
{"level":"error","service":"your-service-name","timestamp":"2024-03-29T09:45:14.723Z"}
{"level":"error","service":"your-service-name","timestamp":"2024-03-29T09:47:02.849Z"}
{"level":"error","service":"your-service-name","timestamp":"2024-03-29T09:47:03.624Z"}
{"level":"error","service":"your-service-name","timestamp":"2024-03-29T09:47:05.700Z"}
{"level":"error","service":"your-service-name","timestamp":"2024-03-29T09:47:05.744Z"}
{"level":"error","service":"your-service-name","timestamp":"2024-03-29T09:47:06.000Z"}
{"level":"error","service":"your-service-name","timestamp":"2024-03-29T09:47:06.423Z"}
{"level":"error","service":"your-service-name","timestamp":"2024-03-29T09:47:06.572Z"}
{"level":"error","service":"your-service-name","timestamp":"2024-03-29T09:47:06.924Z"}
{"level":"error","service":"your-service-name","timestamp":"2024-03-29T09:47:07.506Z"}
{"level":"error","service":"your-service-name","timestamp":"2024-03-29T09:47:07.508Z"}
{"level":"error","service":"your-service-name","timestamp":"2024-03-29T09:47:08.271Z"}
{"level":"error","service":"your-service-name","timestamp":"2024-03-29T09:47:08.731Z"}
{"level":"error","service":"your-service-name","timestamp":"2024-03-29T09:47:09.861Z"}
{"level":"error","service":"your-service-name","timestamp":"2024-03-29T09:47:10.163Z"}
{"level":"error","service":"your-service-name","timestamp":"2024-03-29T09:47:10.402Z"}
{"level":"error","service":"your-service-name","timestamp":"2024-03-29T09:47:10.635Z"}
{"level":"error","service":"your-service-name","timestamp":"2024-03-29T09:47:12.624Z"}
{"level":"error","service":"your-service-name","timestamp":"2024-03-29T09:47:12.801Z"}
{"level":"error","service":"your-service-name","timestamp":"2024-03-29T09:47:13.022Z"}
{"level":"error","service":"your-service-name","timestamp":"2024-03-29T09:47:13.413Z"}
{"level":"error","service":"your-service-name","timestamp":"2024-03-29T09:47:13.605Z"}
{"level":"error","service":"your-service-name","timestamp":"2024-03-29T09:47:13.945Z"}
{"level":"error","service":"your-service-name","timestamp":"2024-03-29T09:47:14.482Z"}
{"level":"error","service":"your-service-name","timestamp":"2024-03-29T09:47:14.622Z"}
{"level":"error","service":"your-service-name","timestamp":"2024-03-29T09:47:14.970Z"}
{"level":"error","service":"your-service-name","timestamp":"2024-03-29T09:47:15.292Z"}
{"level":"error","service":"your-service-name","timestamp":"2024-03-29T09:47:16.063Z"}
{"level":"error","service":"your-service-name","timestamp":"2024-03-29T09:47:16.495Z"}
{"level":"error","service":"your-service-name","timestamp":"2024-03-29T09:49:05.597Z"}
{"level":"error","service":"your-service-name","timestamp":"2024-03-29T09:49:05.699Z"}
{"level":"error","service":"your-service-name","timestamp":"2024-03-29T09:49:06.755Z"}
{"level":"error","service":"your-service-name","timestamp":"2024-03-29T09:49:07.024Z"}
{"level":"error","service":"your-service-name","timestamp":"2024-03-29T09:49:07.199Z"}
{"level":"error","service":"your-service-name","timestamp":"2024-03-29T09:49:08.615Z"}
{"level":"error","service":"your-service-name","timestamp":"2024-03-29T09:49:12.620Z"}
{"level":"error","service":"your-service-name","timestamp":"2024-03-29T09:49:12.708Z"}
{"level":"error","service":"your-service-name","timestamp":"2024-03-29T09:49:13.723Z"}
{"level":"error","service":"your-service-name","timestamp":"2024-03-29T09:49:13.856Z"}
{"level":"error","service":"your-service-name","timestamp":"2024-03-29T09:49:14.026Z"}
{"level":"error","service":"your-service-name","timestamp":"2024-03-29T09:49:14.584Z"}
{"level":"error","service":"your-service-name","timestamp":"2024-03-29T09:51:02.850Z"}
{"level":"error","service":"your-service-name","timestamp":"2024-03-29T09:51:03.624Z"}
{"level":"error","service":"your-service-name","timestamp":"2024-03-29T09:51:04.175Z"}
{"level":"error","service":"your-service-name","timestamp":"2024-03-29T09:51:05.609Z"}
{"level":"error","service":"your-service-name","timestamp":"2024-03-29T09:51:06.309Z"}
{"level":"error","service":"your-service-name","timestamp":"2024-03-29T09:51:06.351Z"}
{"level":"error","service":"your-service-name","timestamp":"2024-03-29T09:51:06.452Z"}
{"level":"error","service":"your-service-name","timestamp":"2024-03-29T09:51:06.704Z"}
{"level":"error","service":"your-service-name","timestamp":"2024-03-29T09:51:06.949Z"}
{"level":"error","service":"your-service-name","timestamp":"2024-03-29T09:51:06.954Z"}
{"level":"error","service":"your-service-name","timestamp":"2024-03-29T09:51:07.492Z"}
{"level":"error","service":"your-service-name","timestamp":"2024-03-29T09:51:07.504Z"}
{"level":"error","service":"your-service-name","timestamp":"2024-03-29T09:51:07.713Z"}
{"level":"error","service":"your-service-name","timestamp":"2024-03-29T09:51:07.734Z"}
{"level":"error","service":"your-service-name","timestamp":"2024-03-29T09:51:08.130Z"}
{"level":"error","service":"your-service-name","timestamp":"2024-03-29T09:51:08.716Z"}
{"level":"error","service":"your-service-name","timestamp":"2024-03-29T09:51:09.527Z"}
{"level":"error","service":"your-service-name","timestamp":"2024-03-29T09:51:09.894Z"}
{"level":"error","service":"your-service-name","timestamp":"2024-03-29T09:51:09.895Z"}
{"level":"error","service":"your-service-name","timestamp":"2024-03-29T09:51:10.674Z"}
{"level":"error","service":"your-service-name","timestamp":"2024-03-29T09:51:11.187Z"}
{"level":"error","service":"your-service-name","timestamp":"2024-03-29T09:51:12.618Z"}
{"level":"error","service":"your-service-name","timestamp":"2024-03-29T09:51:12.629Z"}
{"level":"error","service":"your-service-name","timestamp":"2024-03-29T09:51:13.016Z"}
{"level":"error","service":"your-service-name","timestamp":"2024-03-29T09:51:13.218Z"}
{"level":"error","service":"your-service-name","timestamp":"2024-03-29T09:51:13.749Z"}
{"level":"error","service":"your-service-name","timestamp":"2024-03-29T09:51:13.945Z"}
{"level":"error","service":"your-service-name","timestamp":"2024-03-29T09:51:13.974Z"}
{"level":"error","service":"your-service-name","timestamp":"2024-03-29T09:51:14.422Z"}
{"level":"error","service":"your-service-name","timestamp":"2024-03-29T09:51:14.476Z"}
{"level":"error","service":"your-service-name","timestamp":"2024-03-29T09:51:14.640Z"}
{"level":"error","service":"your-service-name","timestamp":"2024-03-29T09:51:14.869Z"}
{"level":"error","service":"your-service-name","timestamp":"2024-03-29T09:51:15.338Z"}
{"level":"error","service":"your-service-name","timestamp":"2024-03-29T09:51:15.700Z"}
{"level":"error","service":"your-service-name","timestamp":"2024-03-29T09:51:16.253Z"}
{"level":"error","service":"your-service-name","timestamp":"2024-03-29T09:51:16.900Z"}
{"level":"error","service":"your-service-name","timestamp":"2024-03-29T09:53:05.716Z"}
{"level":"error","service":"your-service-name","timestamp":"2024-03-29T09:53:06.561Z"}
{"level":"error","service":"your-service-name","timestamp":"2024-03-29T09:53:06.748Z"}
{"level":"error","service":"your-service-name","timestamp":"2024-03-29T09:53:06.883Z"}
{"level":"error","service":"your-service-name","timestamp":"2024-03-29T09:53:07.029Z"}
{"level":"error","service":"your-service-name","timestamp":"2024-03-29T09:53:12.688Z"}
{"level":"error","service":"your-service-name","timestamp":"2024-03-29T09:53:13.341Z"}
{"level":"error","service":"your-service-name","timestamp":"2024-03-29T09:53:14.032Z"}
{"level":"error","service":"your-service-name","timestamp":"2024-03-29T09:53:14.570Z"}
{"level":"error","service":"your-service-name","timestamp":"2024-03-29T09:53:17.496Z"}
{"level":"error","service":"your-service-name","timestamp":"2024-03-29T09:55:02.844Z"}
{"level":"error","service":"your-service-name","timestamp":"2024-03-29T09:55:05.611Z"}
{"level":"error","service":"your-service-name","timestamp":"2024-03-29T09:55:05.774Z"}
{"level":"error","service":"your-service-name","timestamp":"2024-03-29T09:55:05.996Z"}
{"level":"error","service":"your-service-name","timestamp":"2024-03-29T09:55:06.241Z"}
{"level":"error","service":"your-service-name","timestamp":"2024-03-29T09:55:06.338Z"}
{"level":"error","service":"your-service-name","timestamp":"2024-03-29T09:55:06.432Z"}
{"level":"error","service":"your-service-name","timestamp":"2024-03-29T09:55:06.644Z"}
{"level":"error","service":"your-service-name","timestamp":"2024-03-29T09:55:06.943Z"}
{"level":"error","service":"your-service-name","timestamp":"2024-03-29T09:55:07.056Z"}
{"level":"error","service":"your-service-name","timestamp":"2024-03-29T09:55:07.193Z"}
{"level":"error","service":"your-service-name","timestamp":"2024-03-29T09:55:07.193Z"}
{"level":"error","service":"your-service-name","timestamp":"2024-03-29T09:55:07.503Z"}
{"level":"error","service":"your-service-name","timestamp":"2024-03-29T09:55:07.634Z"}
{"level":"error","service":"your-service-name","timestamp":"2024-03-29T09:55:07.778Z"}
{"level":"error","service":"your-service-name","timestamp":"2024-03-29T09:55:08.806Z"}
{"level":"error","service":"your-service-name","timestamp":"2024-03-29T09:55:09.857Z"}
{"level":"error","service":"your-service-name","timestamp":"2024-03-29T09:55:09.868Z"}
{"level":"error","service":"your-service-name","timestamp":"2024-03-29T09:55:12.617Z"}
{"level":"error","service":"your-service-name","timestamp":"2024-03-29T09:55:12.799Z"}
{"level":"error","service":"your-service-name","timestamp":"2024-03-29T09:55:13.006Z"}
{"level":"error","service":"your-service-name","timestamp":"2024-03-29T09:55:13.331Z"}
{"level":"error","service":"your-service-name","timestamp":"2024-03-29T09:55:13.572Z"}
{"level":"error","service":"your-service-name","timestamp":"2024-03-29T09:55:13.684Z"}
{"level":"error","service":"your-service-name","timestamp":"2024-03-29T09:55:13.937Z"}
{"level":"error","service":"your-service-name","timestamp":"2024-03-29T09:55:13.944Z"}
{"level":"error","service":"your-service-name","timestamp":"2024-03-29T09:55:14.196Z"}
{"level":"error","service":"your-service-name","timestamp":"2024-03-29T09:55:14.233Z"}
{"level":"error","service":"your-service-name","timestamp":"2024-03-29T09:55:14.303Z"}
{"level":"error","service":"your-service-name","timestamp":"2024-03-29T09:55:14.510Z"}
{"level":"error","service":"your-service-name","timestamp":"2024-03-29T09:55:14.684Z"}
{"level":"error","service":"your-service-name","timestamp":"2024-03-29T09:55:14.688Z"}
{"level":"error","service":"your-service-name","timestamp":"2024-03-29T09:55:14.863Z"}
{"level":"error","service":"your-service-name","timestamp":"2024-03-29T09:55:14.978Z"}
{"level":"error","service":"your-service-name","timestamp":"2024-03-29T09:55:16.893Z"}
{"level":"error","service":"your-service-name","timestamp":"2024-03-29T09:57:05.676Z"}
{"level":"error","service":"your-service-name","timestamp":"2024-03-29T09:57:06.022Z"}
{"level":"error","service":"your-service-name","timestamp":"2024-03-29T09:57:06.317Z"}
{"level":"error","service":"your-service-name","timestamp":"2024-03-29T09:57:07.032Z"}
{"level":"error","service":"your-service-name","timestamp":"2024-03-29T09:57:07.037Z"}
{"level":"error","service":"your-service-name","timestamp":"2024-03-29T09:57:07.221Z"}
{"level":"error","service":"your-service-name","timestamp":"2024-03-29T09:57:07.403Z"}
{"level":"error","service":"your-service-name","timestamp":"2024-03-29T09:57:07.773Z"}
{"level":"error","service":"your-service-name","timestamp":"2024-03-29T09:57:08.337Z"}
{"level":"error","service":"your-service-name","timestamp":"2024-03-29T09:57:09.732Z"}
{"level":"error","service":"your-service-name","timestamp":"2024-03-29T09:57:12.684Z"}
{"level":"error","service":"your-service-name","timestamp":"2024-03-29T09:57:12.973Z"}
{"level":"error","service":"your-service-name","timestamp":"2024-03-29T09:57:13.185Z"}
{"level":"error","service":"your-service-name","timestamp":"2024-03-29T09:57:13.721Z"}
{"level":"error","service":"your-service-name","timestamp":"2024-03-29T09:57:14.039Z"}
{"level":"error","service":"your-service-name","timestamp":"2024-03-29T09:57:14.231Z"}
{"level":"error","service":"your-service-name","timestamp":"2024-03-29T09:57:14.237Z"}
{"level":"error","service":"your-service-name","timestamp":"2024-03-29T09:57:14.352Z"}
{"level":"error","service":"your-service-name","timestamp":"2024-03-29T09:57:14.465Z"}
{"level":"error","service":"your-service-name","timestamp":"2024-03-29T09:57:14.763Z"}
{"level":"error","service":"your-service-name","timestamp":"2024-03-29T09:59:04.587Z"}
{"level":"error","service":"your-service-name","timestamp":"2024-03-29T09:59:05.392Z"}
{"level":"error","service":"your-service-name","timestamp":"2024-03-29T09:59:06.003Z"}
{"level":"error","service":"your-service-name","timestamp":"2024-03-29T09:59:06.038Z"}
{"level":"error","service":"your-service-name","timestamp":"2024-03-29T09:59:06.482Z"}
{"level":"error","service":"your-service-name","timestamp":"2024-03-29T09:59:06.487Z"}
{"level":"error","service":"your-service-name","timestamp":"2024-03-29T09:59:06.570Z"}
{"level":"error","service":"your-service-name","timestamp":"2024-03-29T09:59:06.583Z"}
{"level":"error","service":"your-service-name","timestamp":"2024-03-29T09:59:06.592Z"}
{"level":"error","service":"your-service-name","timestamp":"2024-03-29T09:59:06.674Z"}
{"level":"error","service":"your-service-name","timestamp":"2024-03-29T09:59:06.784Z"}
{"level":"error","service":"your-service-name","timestamp":"2024-03-29T09:59:06.964Z"}
{"level":"error","service":"your-service-name","timestamp":"2024-03-29T09:59:07.460Z"}
{"level":"error","service":"your-service-name","timestamp":"2024-03-29T09:59:07.505Z"}
{"level":"error","service":"your-service-name","timestamp":"2024-03-29T09:59:07.658Z"}
{"level":"error","service":"your-service-name","timestamp":"2024-03-29T09:59:07.688Z"}
{"level":"error","service":"your-service-name","timestamp":"2024-03-29T09:59:07.799Z"}
{"level":"error","service":"your-service-name","timestamp":"2024-03-29T09:59:08.257Z"}
{"level":"error","service":"your-service-name","timestamp":"2024-03-29T09:59:09.870Z"}
{"level":"error","service":"your-service-name","timestamp":"2024-03-29T09:59:12.431Z"}
{"level":"error","service":"your-service-name","timestamp":"2024-03-29T09:59:13.073Z"}
{"level":"error","service":"your-service-name","timestamp":"2024-03-29T09:59:13.149Z"}
{"level":"error","service":"your-service-name","timestamp":"2024-03-29T09:59:13.436Z"}
{"level":"error","service":"your-service-name","timestamp":"2024-03-29T09:59:13.500Z"}
{"level":"error","service":"your-service-name","timestamp":"2024-03-29T09:59:13.575Z"}
{"level":"error","service":"your-service-name","timestamp":"2024-03-29T09:59:13.583Z"}
{"level":"error","service":"your-service-name","timestamp":"2024-03-29T09:59:13.593Z"}
{"level":"error","service":"your-service-name","timestamp":"2024-03-29T09:59:13.598Z"}
{"level":"error","service":"your-service-name","timestamp":"2024-03-29T09:59:13.674Z"}
{"level":"error","service":"your-service-name","timestamp":"2024-03-29T09:59:13.954Z"}
{"level":"error","service":"your-service-name","timestamp":"2024-03-29T09:59:14.490Z"}
{"level":"error","service":"your-service-name","timestamp":"2024-03-29T09:59:14.499Z"}
{"level":"error","service":"your-service-name","timestamp":"2024-03-29T09:59:14.504Z"}
{"level":"error","service":"your-service-name","timestamp":"2024-03-29T09:59:14.622Z"}
{"level":"error","service":"your-service-name","timestamp":"2024-03-29T09:59:14.658Z"}
{"level":"error","service":"your-service-name","timestamp":"2024-03-29T09:59:15.348Z"}
{"level":"error","service":"your-service-name","timestamp":"2024-03-29T09:59:16.902Z"}
{"level":"error","service":"your-service-name","timestamp":"2024-03-29T10:01:05.514Z"}
{"level":"error","service":"your-service-name","timestamp":"2024-03-29T10:01:05.991Z"}
{"level":"error","service":"your-service-name","timestamp":"2024-03-29T10:01:06.881Z"}
{"level":"error","service":"your-service-name","timestamp":"2024-03-29T10:01:07.041Z"}
{"level":"error","service":"your-service-name","timestamp":"2024-03-29T10:01:07.290Z"}
{"level":"error","service":"your-service-name","timestamp":"2024-03-29T10:01:07.382Z"}
{"level":"error","service":"your-service-name","timestamp":"2024-03-29T10:01:07.587Z"}
{"level":"error","service":"your-service-name","timestamp":"2024-03-29T10:01:07.668Z"}
{"level":"error","service":"your-service-name","timestamp":"2024-03-29T10:01:07.765Z"}
{"level":"error","service":"your-service-name","timestamp":"2024-03-29T10:01:12.531Z"}
{"level":"error","service":"your-service-name","timestamp":"2024-03-29T10:01:13.028Z"}
{"level":"error","service":"your-service-name","timestamp":"2024-03-29T10:01:13.520Z"}
{"level":"error","service":"your-service-name","timestamp":"2024-03-29T10:01:13.842Z"}
{"level":"error","service":"your-service-name","timestamp":"2024-03-29T10:01:13.882Z"}
{"level":"error","service":"your-service-name","timestamp":"2024-03-29T10:01:14.041Z"}
{"level":"error","service":"your-service-name","timestamp":"2024-03-29T10:01:14.339Z"}
{"level":"error","service":"your-service-name","timestamp":"2024-03-29T10:01:14.396Z"}
{"level":"error","service":"your-service-name","timestamp":"2024-03-29T10:01:14.816Z"}
{"level":"error","service":"your-service-name","timestamp":"2024-03-29T10:03:04.620Z"}
{"level":"error","service":"your-service-name","timestamp":"2024-03-29T10:03:04.645Z"}
{"level":"error","service":"your-service-name","timestamp":"2024-03-29T10:03:04.789Z"}
{"level":"error","service":"your-service-name","timestamp":"2024-03-29T10:03:06.011Z"}
{"level":"error","service":"your-service-name","timestamp":"2024-03-29T10:03:06.039Z"}
{"level":"error","service":"your-service-name","timestamp":"2024-03-29T10:03:06.455Z"}
{"level":"error","service":"your-service-name","timestamp":"2024-03-29T10:03:06.533Z"}
{"level":"error","service":"your-service-name","timestamp":"2024-03-29T10:03:06.583Z"}
{"level":"error","service":"your-service-name","timestamp":"2024-03-29T10:03:06.633Z"}
{"level":"error","service":"your-service-name","timestamp":"2024-03-29T10:03:06.869Z"}
{"level":"error","service":"your-service-name","timestamp":"2024-03-29T10:03:06.912Z"}
{"level":"error","service":"your-service-name","timestamp":"2024-03-29T10:03:07.014Z"}
{"level":"error","service":"your-service-name","timestamp":"2024-03-29T10:03:07.476Z"}
{"level":"error","service":"your-service-name","timestamp":"2024-03-29T10:03:07.644Z"}
{"level":"error","service":"your-service-name","timestamp":"2024-03-29T10:03:07.688Z"}
{"level":"error","service":"your-service-name","timestamp":"2024-03-29T10:03:09.103Z"}
{"level":"error","service":"your-service-name","timestamp":"2024-03-29T10:03:10.205Z"}
{"level":"error","service":"your-service-name","timestamp":"2024-03-29T10:03:11.751Z"}
{"level":"error","service":"your-service-name","timestamp":"2024-03-29T10:03:12.547Z"}
{"level":"error","service":"your-service-name","timestamp":"2024-03-29T10:03:12.737Z"}
{"level":"error","service":"your-service-name","timestamp":"2024-03-29T10:03:13.022Z"}
{"level":"error","service":"your-service-name","timestamp":"2024-03-29T10:03:13.060Z"}
{"level":"error","service":"your-service-name","timestamp":"2024-03-29T10:03:13.532Z"}
{"level":"error","service":"your-service-name","timestamp":"2024-03-29T10:03:13.589Z"}
{"level":"error","service":"your-service-name","timestamp":"2024-03-29T10:03:13.624Z"}
{"level":"error","service":"your-service-name","timestamp":"2024-03-29T10:03:13.674Z"}
{"level":"error","service":"your-service-name","timestamp":"2024-03-29T10:03:13.853Z"}
{"level":"error","service":"your-service-name","timestamp":"2024-03-29T10:03:13.896Z"}
{"level":"error","service":"your-service-name","timestamp":"2024-03-29T10:03:13.943Z"}
{"level":"error","service":"your-service-name","timestamp":"2024-03-29T10:03:14.492Z"}
{"level":"error","service":"your-service-name","timestamp":"2024-03-29T10:03:14.762Z"}
{"level":"error","service":"your-service-name","timestamp":"2024-03-29T10:03:14.969Z"}
{"level":"error","service":"your-service-name","timestamp":"2024-03-29T10:03:16.173Z"}
{"level":"error","service":"your-service-name","timestamp":"2024-03-29T10:03:16.916Z"}
{"level":"error","service":"your-service-name","timestamp":"2024-03-29T10:05:05.035Z"}
{"level":"error","service":"your-service-name","timestamp":"2024-03-29T10:05:06.010Z"}
{"level":"error","service":"your-service-name","timestamp":"2024-03-29T10:05:06.530Z"}
{"level":"error","service":"your-service-name","timestamp":"2024-03-29T10:05:06.925Z"}
{"level":"error","service":"your-service-name","timestamp":"2024-03-29T10:05:06.928Z"}
{"level":"error","service":"your-service-name","timestamp":"2024-03-29T10:05:07.045Z"}
{"level":"error","service":"your-service-name","timestamp":"2024-03-29T10:05:07.421Z"}
{"level":"error","service":"your-service-name","timestamp":"2024-03-29T10:05:07.750Z"}
{"level":"error","service":"your-service-name","timestamp":"2024-03-29T10:05:08.630Z"}
{"level":"error","service":"your-service-name","timestamp":"2024-03-29T10:05:12.078Z"}
{"level":"error","service":"your-service-name","timestamp":"2024-03-29T10:05:13.030Z"}
{"level":"error","service":"your-service-name","timestamp":"2024-03-29T10:05:13.522Z"}
{"level":"error","service":"your-service-name","timestamp":"2024-03-29T10:05:13.965Z"}
{"level":"error","service":"your-service-name","timestamp":"2024-03-29T10:05:13.966Z"}
{"level":"error","service":"your-service-name","timestamp":"2024-03-29T10:05:14.049Z"}
{"level":"error","service":"your-service-name","timestamp":"2024-03-29T10:05:14.579Z"}
{"level":"error","service":"your-service-name","timestamp":"2024-03-29T10:05:14.619Z"}
{"level":"error","service":"your-service-name","timestamp":"2024-03-29T10:05:14.821Z"}
{"level":"error","service":"your-service-name","timestamp":"2024-03-29T10:07:04.727Z"}
{"level":"error","service":"your-service-name","timestamp":"2024-03-29T10:07:06.020Z"}
{"level":"error","service":"your-service-name","timestamp":"2024-03-29T10:07:06.034Z"}
{"level":"error","service":"your-service-name","timestamp":"2024-03-29T10:07:06.038Z"}
{"level":"error","service":"your-service-name","timestamp":"2024-03-29T10:07:06.377Z"}
{"level":"error","service":"your-service-name","timestamp":"2024-03-29T10:07:06.559Z"}
{"level":"error","service":"your-service-name","timestamp":"2024-03-29T10:07:06.581Z"}
{"level":"error","service":"your-service-name","timestamp":"2024-03-29T10:07:06.643Z"}
{"level":"error","service":"your-service-name","timestamp":"2024-03-29T10:07:06.802Z"}
{"level":"error","service":"your-service-name","timestamp":"2024-03-29T10:07:06.953Z"}
{"level":"error","service":"your-service-name","timestamp":"2024-03-29T10:07:06.984Z"}
{"level":"error","service":"your-service-name","timestamp":"2024-03-29T10:07:07.026Z"}
{"level":"error","service":"your-service-name","timestamp":"2024-03-29T10:07:07.668Z"}
{"level":"error","service":"your-service-name","timestamp":"2024-03-29T10:07:07.879Z"}
{"level":"error","service":"your-service-name","timestamp":"2024-03-29T10:07:07.915Z"}
{"level":"error","service":"your-service-name","timestamp":"2024-03-29T10:07:09.363Z"}
{"level":"error","service":"your-service-name","timestamp":"2024-03-29T10:07:09.865Z"}
{"level":"error","service":"your-service-name","timestamp":"2024-03-29T10:07:09.885Z"}
{"level":"error","service":"your-service-name","timestamp":"2024-03-29T10:07:11.716Z"}
{"level":"error","service":"your-service-name","timestamp":"2024-03-29T10:07:12.778Z"}
{"level":"error","service":"your-service-name","timestamp":"2024-03-29T10:07:13.065Z"}
{"level":"error","service":"your-service-name","timestamp":"2024-03-29T10:07:13.093Z"}
{"level":"error","service":"your-service-name","timestamp":"2024-03-29T10:07:13.374Z"}
{"level":"error","service":"your-service-name","timestamp":"2024-03-29T10:07:13.596Z"}
{"level":"error","service":"your-service-name","timestamp":"2024-03-29T10:07:13.632Z"}
{"level":"error","service":"your-service-name","timestamp":"2024-03-29T10:07:13.644Z"}
{"level":"error","service":"your-service-name","timestamp":"2024-03-29T10:07:13.879Z"}
{"level":"error","service":"your-service-name","timestamp":"2024-03-29T10:07:13.887Z"}
{"level":"error","service":"your-service-name","timestamp":"2024-03-29T10:07:13.964Z"}
{"level":"error","service":"your-service-name","timestamp":"2024-03-29T10:07:14.508Z"}
{"level":"error","service":"your-service-name","timestamp":"2024-03-29T10:07:14.565Z"}
{"level":"error","service":"your-service-name","timestamp":"2024-03-29T10:07:14.738Z"}
{"level":"error","service":"your-service-name","timestamp":"2024-03-29T10:07:14.748Z"}
{"level":"error","service":"your-service-name","timestamp":"2024-03-29T10:07:15.881Z"}
{"level":"error","service":"your-service-name","timestamp":"2024-03-29T10:07:16.241Z"}
{"level":"error","service":"your-service-name","timestamp":"2024-03-29T10:07:16.969Z"}
{"level":"error","service":"your-service-name","timestamp":"2024-03-29T10:09:06.136Z"}
{"level":"error","service":"your-service-name","timestamp":"2024-03-29T10:09:06.587Z"}
{"level":"error","service":"your-service-name","timestamp":"2024-03-29T10:09:07.042Z"}
{"level":"error","service":"your-service-name","timestamp":"2024-03-29T10:09:07.052Z"}
{"level":"error","service":"your-service-name","timestamp":"2024-03-29T10:09:07.397Z"}
{"level":"error","service":"your-service-name","timestamp":"2024-03-29T10:09:07.725Z"}
{"level":"error","service":"your-service-name","timestamp":"2024-03-29T10:09:07.782Z"}
{"level":"error","service":"your-service-name","timestamp":"2024-03-29T10:09:13.188Z"}
{"level":"error","service":"your-service-name","timestamp":"2024-03-29T10:09:13.534Z"}
{"level":"error","service":"your-service-name","timestamp":"2024-03-29T10:09:13.749Z"}
{"level":"error","service":"your-service-name","timestamp":"2024-03-29T10:09:13.992Z"}
{"level":"error","service":"your-service-name","timestamp":"2024-03-29T10:09:14.054Z"}
{"level":"error","service":"your-service-name","timestamp":"2024-03-29T10:09:14.435Z"}
{"level":"error","service":"your-service-name","timestamp":"2024-03-29T10:09:14.810Z"}
{"level":"error","service":"your-service-name","timestamp":"2024-03-29T10:11:06.025Z"}
{"level":"error","service":"your-service-name","timestamp":"2024-03-29T10:11:06.070Z"}
{"level":"error","service":"your-service-name","timestamp":"2024-03-29T10:11:06.597Z"}
{"level":"error","service":"your-service-name","timestamp":"2024-03-29T10:11:06.704Z"}
{"level":"error","service":"your-service-name","timestamp":"2024-03-29T10:11:06.792Z"}
{"level":"error","service":"your-service-name","timestamp":"2024-03-29T10:11:06.924Z"}
{"level":"error","service":"your-service-name","timestamp":"2024-03-29T10:11:07.036Z"}
{"level":"error","service":"your-service-name","timestamp":"2024-03-29T10:11:07.406Z"}
{"level":"error","service":"your-service-name","timestamp":"2024-03-29T10:11:07.669Z"}
{"level":"error","service":"your-service-name","timestamp":"2024-03-29T10:11:08.914Z"}
{"level":"error","service":"your-service-name","timestamp":"2024-03-29T10:11:10.291Z"}
{"level":"error","service":"your-service-name","timestamp":"2024-03-29T10:11:13.046Z"}
{"level":"error","service":"your-service-name","timestamp":"2024-03-29T10:11:13.222Z"}
{"level":"error","service":"your-service-name","timestamp":"2024-03-29T10:11:13.612Z"}
{"level":"error","service":"your-service-name","timestamp":"2024-03-29T10:11:13.641Z"}
{"level":"error","service":"your-service-name","timestamp":"2024-03-29T10:11:13.693Z"}
{"level":"error","service":"your-service-name","timestamp":"2024-03-29T10:11:13.953Z"}
{"level":"error","service":"your-service-name","timestamp":"2024-03-29T10:11:14.482Z"}
{"level":"error","service":"your-service-name","timestamp":"2024-03-29T10:11:14.709Z"}
{"level":"error","service":"your-service-name","timestamp":"2024-03-29T10:11:15.086Z"}
{"level":"error","service":"your-service-name","timestamp":"2024-03-29T10:11:15.399Z"}
{"level":"error","service":"your-service-name","timestamp":"2024-03-29T10:11:16.884Z"}
{"level":"error","service":"your-service-name","timestamp":"2024-03-29T10:13:06.318Z"}
{"level":"error","service":"your-service-name","timestamp":"2024-03-29T10:13:07.059Z"}
{"level":"error","service":"your-service-name","timestamp":"2024-03-29T10:13:07.192Z"}
{"level":"error","service":"your-service-name","timestamp":"2024-03-29T10:13:07.406Z"}
{"level":"error","service":"your-service-name","timestamp":"2024-03-29T10:13:07.786Z"}
{"level":"error","service":"your-service-name","timestamp":"2024-03-29T10:13:07.791Z"}
{"level":"error","service":"your-service-name","timestamp":"2024-03-29T10:13:13.397Z"}
{"level":"error","service":"your-service-name","timestamp":"2024-03-29T10:13:13.872Z"}
{"level":"error","service":"your-service-name","timestamp":"2024-03-29T10:13:14.062Z"}
{"level":"error","service":"your-service-name","timestamp":"2024-03-29T10:13:14.443Z"}
{"level":"error","service":"your-service-name","timestamp":"2024-03-29T10:13:14.811Z"}
{"level":"error","service":"your-service-name","timestamp":"2024-03-29T10:13:15.650Z"}
{"level":"error","service":"your-service-name","timestamp":"2024-03-29T10:15:03.686Z"}
{"level":"error","service":"your-service-name","timestamp":"2024-03-29T10:15:04.820Z"}
{"level":"error","service":"your-service-name","timestamp":"2024-03-29T10:15:06.030Z"}
{"level":"error","service":"your-service-name","timestamp":"2024-03-29T10:15:06.451Z"}
{"level":"error","service":"your-service-name","timestamp":"2024-03-29T10:15:06.592Z"}
{"level":"error","service":"your-service-name","timestamp":"2024-03-29T10:15:06.620Z"}
{"level":"error","service":"your-service-name","timestamp":"2024-03-29T10:15:06.663Z"}
{"level":"error","service":"your-service-name","timestamp":"2024-03-29T10:15:06.831Z"}
{"level":"error","service":"your-service-name","timestamp":"2024-03-29T10:15:06.924Z"}
{"level":"error","service":"your-service-name","timestamp":"2024-03-29T10:15:06.976Z"}
{"level":"error","service":"your-service-name","timestamp":"2024-03-29T10:15:07.062Z"}
{"level":"error","service":"your-service-name","timestamp":"2024-03-29T10:15:07.731Z"}
{"level":"error","service":"your-service-name","timestamp":"2024-03-29T10:15:07.779Z"}
{"level":"error","service":"your-service-name","timestamp":"2024-03-29T10:15:08.763Z"}
{"level":"error","service":"your-service-name","timestamp":"2024-03-29T10:15:09.869Z"}
{"level":"error","service":"your-service-name","timestamp":"2024-03-29T10:15:10.080Z"}
{"level":"error","service":"your-service-name","timestamp":"2024-03-29T10:15:10.687Z"}
{"level":"error","service":"your-service-name","timestamp":"2024-03-29T10:15:11.739Z"}
{"level":"error","service":"your-service-name","timestamp":"2024-03-29T10:15:13.046Z"}
{"level":"error","service":"your-service-name","timestamp":"2024-03-29T10:15:13.462Z"}
{"level":"error","service":"your-service-name","timestamp":"2024-03-29T10:15:13.605Z"}
{"level":"error","service":"your-service-name","timestamp":"2024-03-29T10:15:13.627Z"}
{"level":"error","service":"your-service-name","timestamp":"2024-03-29T10:15:13.658Z"}
{"level":"error","service":"your-service-name","timestamp":"2024-03-29T10:15:13.792Z"}
{"level":"error","service":"your-service-name","timestamp":"2024-03-29T10:15:13.857Z"}
{"level":"error","service":"your-service-name","timestamp":"2024-03-29T10:15:13.909Z"}
{"level":"error","service":"your-service-name","timestamp":"2024-03-29T10:15:13.954Z"}
{"level":"error","service":"your-service-name","timestamp":"2024-03-29T10:15:14.544Z"}
{"level":"error","service":"your-service-name","timestamp":"2024-03-29T10:15:15.017Z"}
{"level":"error","service":"your-service-name","timestamp":"2024-03-29T10:15:15.361Z"}
{"level":"error","service":"your-service-name","timestamp":"2024-03-29T10:15:15.472Z"}
{"level":"error","service":"your-service-name","timestamp":"2024-03-29T10:15:16.890Z"}
{"level":"error","service":"your-service-name","timestamp":"2024-03-29T12:43:08.219Z"}
{"level":"error","service":"your-service-name","timestamp":"2024-03-29T12:43:09.081Z"}
{"level":"error","service":"your-service-name","timestamp":"2024-03-29T12:43:14.759Z"}
{"level":"error","service":"your-service-name","timestamp":"2024-03-29T12:43:15.118Z"}
{"level":"error","service":"your-service-name","timestamp":"2024-03-29T12:43:15.678Z"}
{"level":"error","service":"your-service-name","timestamp":"2024-03-29T12:45:06.090Z"}
{"level":"error","service":"your-service-name","timestamp":"2024-03-29T12:45:06.643Z"}
{"level":"error","service":"your-service-name","timestamp":"2024-03-29T12:45:07.279Z"}
{"level":"error","service":"your-service-name","timestamp":"2024-03-29T12:45:07.529Z"}
{"level":"error","service":"your-service-name","timestamp":"2024-03-29T12:45:07.531Z"}
{"level":"error","service":"your-service-name","timestamp":"2024-03-29T12:45:07.533Z"}
{"level":"error","service":"your-service-name","timestamp":"2024-03-29T12:45:07.603Z"}
{"level":"error","service":"your-service-name","timestamp":"2024-03-29T12:45:07.697Z"}
{"level":"error","service":"your-service-name","timestamp":"2024-03-29T12:45:07.764Z"}
{"level":"error","service":"your-service-name","timestamp":"2024-03-29T12:45:09.048Z"}
{"level":"error","service":"your-service-name","timestamp":"2024-03-29T12:45:12.565Z"}
{"level":"error","service":"your-service-name","timestamp":"2024-03-29T12:45:13.898Z"}
{"level":"error","service":"your-service-name","timestamp":"2024-03-29T12:45:14.173Z"}
{"level":"error","service":"your-service-name","timestamp":"2024-03-29T12:45:14.323Z"}
{"level":"error","service":"your-service-name","timestamp":"2024-03-29T12:45:14.752Z"}
{"level":"error","service":"your-service-name","timestamp":"2024-03-29T12:45:14.778Z"}
{"level":"error","service":"your-service-name","timestamp":"2024-03-29T12:45:15.529Z"}
{"level":"error","service":"your-service-name","timestamp":"2024-03-29T12:45:15.530Z"}
{"level":"error","service":"your-service-name","timestamp":"2024-03-29T12:45:15.532Z"}
{"level":"error","service":"your-service-name","timestamp":"2024-03-29T12:47:00.871Z"}
{"level":"error","service":"your-service-name","timestamp":"2024-03-29T12:47:03.449Z"}
{"level":"error","service":"your-service-name","timestamp":"2024-03-29T12:47:05.571Z"}
{"level":"error","service":"your-service-name","timestamp":"2024-03-29T12:47:06.191Z"}
{"level":"error","service":"your-service-name","timestamp":"2024-03-29T12:47:06.310Z"}
{"level":"error","service":"your-service-name","timestamp":"2024-03-29T12:47:06.573Z"}
{"level":"error","service":"your-service-name","timestamp":"2024-03-29T12:47:06.617Z"}
{"level":"error","service":"your-service-name","timestamp":"2024-03-29T12:47:06.680Z"}
{"level":"error","service":"your-service-name","timestamp":"2024-03-29T12:47:06.804Z"}
{"level":"error","service":"your-service-name","timestamp":"2024-03-29T12:47:06.805Z"}
{"level":"error","service":"your-service-name","timestamp":"2024-03-29T12:47:06.910Z"}
{"level":"error","service":"your-service-name","timestamp":"2024-03-29T12:47:07.084Z"}
{"level":"error","service":"your-service-name","timestamp":"2024-03-29T12:47:07.088Z"}
{"level":"error","service":"your-service-name","timestamp":"2024-03-29T12:47:07.202Z"}
{"level":"error","service":"your-service-name","timestamp":"2024-03-29T12:47:07.431Z"}
{"level":"error","service":"your-service-name","timestamp":"2024-03-29T12:47:07.805Z"}
{"level":"error","service":"your-service-name","timestamp":"2024-03-29T12:47:08.078Z"}
{"level":"error","service":"your-service-name","timestamp":"2024-03-29T12:47:08.099Z"}
{"level":"error","service":"your-service-name","timestamp":"2024-03-29T12:47:10.461Z"}
{"level":"error","service":"your-service-name","timestamp":"2024-03-29T12:47:12.543Z"}
{"level":"error","service":"your-service-name","timestamp":"2024-03-29T12:47:13.354Z"}
{"level":"error","service":"your-service-name","timestamp":"2024-03-29T12:47:13.391Z"}
{"level":"error","service":"your-service-name","timestamp":"2024-03-29T12:47:13.583Z"}
{"level":"error","service":"your-service-name","timestamp":"2024-03-29T12:47:13.612Z"}
{"level":"error","service":"your-service-name","timestamp":"2024-03-29T12:47:13.620Z"}
{"level":"error","service":"your-service-name","timestamp":"2024-03-29T12:47:13.644Z"}
{"level":"error","service":"your-service-name","timestamp":"2024-03-29T12:47:13.853Z"}
{"level":"error","service":"your-service-name","timestamp":"2024-03-29T12:47:13.885Z"}
{"level":"error","service":"your-service-name","timestamp":"2024-03-29T12:47:14.082Z"}
{"level":"error","service":"your-service-name","timestamp":"2024-03-29T12:47:14.222Z"}
{"level":"error","service":"your-service-name","timestamp":"2024-03-29T12:47:14.314Z"}
{"level":"error","service":"your-service-name","timestamp":"2024-03-29T12:47:14.722Z"}
{"level":"error","service":"your-service-name","timestamp":"2024-03-29T12:47:15.120Z"}
{"level":"error","service":"your-service-name","timestamp":"2024-03-29T12:47:16.223Z"}
{"level":"error","service":"your-service-name","timestamp":"2024-03-29T12:48:52.517Z"}
{"level":"error","service":"your-service-name","timestamp":"2024-03-29T12:49:05.534Z"}
{"level":"error","service":"your-service-name","timestamp":"2024-03-29T12:49:06.612Z"}
{"level":"error","service":"your-service-name","timestamp":"2024-03-29T12:49:07.318Z"}
{"level":"error","service":"your-service-name","timestamp":"2024-03-29T12:49:07.613Z"}
{"level":"error","service":"your-service-name","timestamp":"2024-03-29T12:49:07.691Z"}
{"level":"error","service":"your-service-name","timestamp":"2024-03-29T12:49:07.692Z"}
{"level":"error","service":"your-service-name","timestamp":"2024-03-29T12:49:07.693Z"}
{"level":"error","service":"your-service-name","timestamp":"2024-03-29T12:49:07.749Z"}
{"level":"error","service":"your-service-name","timestamp":"2024-03-29T12:49:07.774Z"}
{"level":"error","service":"your-service-name","timestamp":"2024-03-29T12:49:08.677Z"}
{"level":"error","service":"your-service-name","timestamp":"2024-03-29T12:49:12.545Z"}
{"level":"error","service":"your-service-name","timestamp":"2024-03-29T12:49:13.617Z"}
{"level":"error","service":"your-service-name","timestamp":"2024-03-29T12:49:14.167Z"}
{"level":"error","service":"your-service-name","timestamp":"2024-03-29T12:49:14.323Z"}
{"level":"error","service":"your-service-name","timestamp":"2024-03-29T12:49:14.746Z"}
{"level":"error","service":"your-service-name","timestamp":"2024-03-29T12:49:14.773Z"}
{"level":"error","service":"your-service-name","timestamp":"2024-03-29T12:49:15.524Z"}
{"level":"error","service":"your-service-name","timestamp":"2024-03-29T12:49:15.526Z"}
{"level":"error","service":"your-service-name","timestamp":"2024-03-29T12:49:15.527Z"}
{"level":"error","service":"your-service-name","timestamp":"2024-03-29T13:07:07.223Z"}
{"level":"error","service":"your-service-name","timestamp":"2024-03-29T13:07:07.538Z"}
{"level":"error","service":"your-service-name","timestamp":"2024-03-29T13:07:07.539Z"}
{"level":"error","service":"your-service-name","timestamp":"2024-03-29T13:07:08.377Z"}
{"level":"error","service":"your-service-name","timestamp":"2024-03-29T13:15:07.202Z"}
{"level":"error","service":"your-service-name","timestamp":"2024-03-29T13:15:07.391Z"}
{"level":"error","service":"your-service-name","timestamp":"2024-03-29T13:15:07.608Z"}
{"level":"error","service":"your-service-name","timestamp":"2024-03-29T13:15:07.722Z"}
{"level":"error","service":"your-service-name","timestamp":"2024-03-29T13:15:08.312Z"}
{"level":"error","service":"your-service-name","timestamp":"2024-03-29T13:15:10.888Z"}
{"level":"error","service":"your-service-name","timestamp":"2024-03-29T13:55:07.190Z"}
{"level":"error","service":"your-service-name","timestamp":"2024-03-29T13:55:07.954Z"}
{"level":"error","service":"your-service-name","timestamp":"2024-03-29T14:07:06.892Z"}
{"level":"error","service":"your-service-name","timestamp":"2024-03-29T14:07:07.389Z"}
{"level":"error","service":"your-service-name","timestamp":"2024-03-29T14:07:07.512Z"}
{"level":"error","service":"your-service-name","timestamp":"2024-03-29T14:07:07.623Z"}
{"level":"error","service":"your-service-name","timestamp":"2024-03-29T14:07:08.240Z"}
{"level":"error","service":"your-service-name","timestamp":"2024-03-29T14:07:08.704Z"}
{"level":"error","service":"your-service-name","timestamp":"2024-03-29T14:07:09.065Z"}
{"level":"error","service":"your-service-name","timestamp":"2024-03-29T14:31:08.107Z"}
{"level":"error","service":"your-service-name","timestamp":"2024-03-29T15:03:08.323Z"}
{"level":"error","service":"your-service-name","timestamp":"2024-03-29T15:43:06.709Z"}
{"level":"error","service":"your-service-name","timestamp":"2024-03-29T15:43:07.092Z"}
{"level":"error","service":"your-service-name","timestamp":"2024-03-29T15:43:07.150Z"}
{"level":"error","service":"your-service-name","timestamp":"2024-03-29T15:43:07.608Z"}
{"level":"error","service":"your-service-name","timestamp":"2024-03-29T15:43:07.784Z"}
{"level":"error","service":"your-service-name","timestamp":"2024-03-29T15:43:07.859Z"}
{"level":"error","service":"your-service-name","timestamp":"2024-03-29T15:43:08.542Z"}
{"level":"error","service":"your-service-name","timestamp":"2024-03-29T15:43:08.561Z"}
{"level":"error","service":"your-service-name","timestamp":"2024-03-30T08:27:08.555Z"}
{"level":"error","service":"your-service-name","timestamp":"2024-03-30T08:27:08.847Z"}
{"level":"error","service":"your-service-name","timestamp":"2024-03-30T08:27:09.260Z"}
{"level":"error","service":"your-service-name","timestamp":"2024-03-30T08:59:04.697Z"}
{"level":"error","service":"your-service-name","timestamp":"2024-03-30T08:59:04.824Z"}
{"level":"error","service":"your-service-name","timestamp":"2024-03-30T08:59:04.828Z"}
{"level":"error","service":"your-service-name","timestamp":"2024-03-30T08:59:05.023Z"}
{"level":"error","service":"your-service-name","timestamp":"2024-03-30T08:59:05.521Z"}
{"level":"error","service":"your-service-name","timestamp":"2024-03-30T08:59:05.852Z"}
{"level":"error","service":"your-service-name","timestamp":"2024-03-30T08:59:05.983Z"}
{"level":"error","service":"your-service-name","timestamp":"2024-03-30T08:59:06.200Z"}
{"level":"error","service":"your-service-name","timestamp":"2024-03-30T08:59:06.844Z"}
{"level":"error","service":"your-service-name","timestamp":"2024-03-30T08:59:06.987Z"}
{"level":"error","service":"your-service-name","timestamp":"2024-03-30T08:59:07.368Z"}
{"level":"error","service":"your-service-name","timestamp":"2024-03-30T08:59:07.432Z"}
{"level":"error","service":"your-service-name","timestamp":"2024-03-30T08:59:07.577Z"}
{"level":"error","service":"your-service-name","timestamp":"2024-03-30T08:59:08.168Z"}
{"level":"error","service":"your-service-name","timestamp":"2024-03-30T08:59:08.289Z"}
{"level":"error","service":"your-service-name","timestamp":"2024-03-30T08:59:08.533Z"}
{"level":"error","service":"your-service-name","timestamp":"2024-03-30T08:59:08.916Z"}
{"level":"error","service":"your-service-name","timestamp":"2024-03-30T08:59:11.996Z"}
{"level":"error","service":"your-service-name","timestamp":"2024-03-30T08:59:13.916Z"}
{"level":"error","service":"your-service-name","timestamp":"2024-03-30T08:59:13.984Z"}
{"level":"error","service":"your-service-name","timestamp":"2024-03-30T08:59:15.941Z"}
{"level":"error","service":"your-service-name","timestamp":"2024-03-30T09:05:08.396Z"}
{"level":"error","service":"your-service-name","timestamp":"2024-03-30T09:15:07.626Z"}
{"level":"error","service":"your-service-name","timestamp":"2024-03-30T09:15:07.895Z"}
{"level":"error","service":"your-service-name","timestamp":"2024-03-30T09:15:08.270Z"}
{"level":"error","service":"your-service-name","timestamp":"2024-03-30T09:15:08.294Z"}
{"level":"error","service":"your-service-name","timestamp":"2024-03-30T09:15:08.296Z"}
{"level":"error","service":"your-service-name","timestamp":"2024-03-30T09:47:07.824Z"}
{"level":"error","service":"your-service-name","timestamp":"2024-03-30T09:47:08.168Z"}
{"level":"error","service":"your-service-name","timestamp":"2024-03-30T09:47:08.948Z"}
{"level":"error","service":"your-service-name","timestamp":"2024-03-30T09:51:07.900Z"}
{"level":"error","service":"your-service-name","timestamp":"2024-03-30T09:51:07.918Z"}
{"level":"error","service":"your-service-name","timestamp":"2024-03-30T09:51:08.219Z"}
{"level":"error","service":"your-service-name","timestamp":"2024-03-30T09:51:08.414Z"}
{"level":"error","service":"your-service-name","timestamp":"2024-03-30T10:15:08.398Z"}
{"level":"error","service":"your-service-name","timestamp":"2024-03-30T10:15:08.490Z"}
{"level":"error","service":"your-service-name","timestamp":"2024-03-30T10:59:07.852Z"}
{"level":"error","service":"your-service-name","timestamp":"2024-03-30T10:59:08.159Z"}
{"level":"error","service":"your-service-name","timestamp":"2024-03-30T10:59:09.325Z"}
{"level":"error","service":"your-service-name","timestamp":"2024-03-30T11:23:07.978Z"}
{"level":"error","service":"your-service-name","timestamp":"2024-03-30T11:23:08.426Z"}
{"level":"error","service":"your-service-name","timestamp":"2024-03-30T11:23:08.590Z"}
{"level":"error","service":"your-service-name","timestamp":"2024-03-30T11:47:07.803Z"}
{"level":"error","service":"your-service-name","timestamp":"2024-03-30T11:47:08.200Z"}
{"level":"error","service":"your-service-name","timestamp":"2024-03-30T12:11:07.336Z"}
{"level":"error","service":"your-service-name","timestamp":"2024-03-30T12:11:07.538Z"}
{"level":"error","service":"your-service-name","timestamp":"2024-03-30T12:11:07.542Z"}
{"level":"error","service":"your-service-name","timestamp":"2024-03-30T12:15:03.814Z"}
{"level":"error","service":"your-service-name","timestamp":"2024-03-30T12:15:04.123Z"}
{"level":"error","service":"your-service-name","timestamp":"2024-03-30T12:15:04.372Z"}
{"level":"error","service":"your-service-name","timestamp":"2024-03-30T12:15:04.559Z"}
{"level":"error","service":"your-service-name","timestamp":"2024-03-30T12:15:05.725Z"}
{"level":"error","service":"your-service-name","timestamp":"2024-03-30T12:15:05.965Z"}
{"level":"error","service":"your-service-name","timestamp":"2024-03-30T12:15:06.590Z"}
{"level":"error","service":"your-service-name","timestamp":"2024-03-30T12:15:06.593Z"}
{"level":"error","service":"your-service-name","timestamp":"2024-03-30T12:15:06.611Z"}
{"level":"error","service":"your-service-name","timestamp":"2024-03-30T12:15:06.659Z"}
{"level":"error","service":"your-service-name","timestamp":"2024-03-30T12:15:07.058Z"}
{"level":"error","service":"your-service-name","timestamp":"2024-03-30T12:15:07.171Z"}
{"level":"error","service":"your-service-name","timestamp":"2024-03-30T12:15:07.201Z"}
{"level":"error","service":"your-service-name","timestamp":"2024-03-30T12:15:07.272Z"}
{"level":"error","service":"your-service-name","timestamp":"2024-03-30T12:15:07.331Z"}
{"level":"error","service":"your-service-name","timestamp":"2024-03-30T12:15:07.560Z"}
{"level":"error","service":"your-service-name","timestamp":"2024-03-30T12:15:07.604Z"}
{"level":"error","service":"your-service-name","timestamp":"2024-03-30T12:15:07.861Z"}
{"level":"error","service":"your-service-name","timestamp":"2024-03-30T12:15:07.948Z"}
{"level":"error","service":"your-service-name","timestamp":"2024-03-30T12:15:07.965Z"}
{"level":"error","service":"your-service-name","timestamp":"2024-03-30T12:15:08.131Z"}
{"level":"error","service":"your-service-name","timestamp":"2024-03-30T12:15:08.869Z"}
{"level":"error","service":"your-service-name","timestamp":"2024-03-30T12:15:09.063Z"}
{"level":"error","service":"your-service-name","timestamp":"2024-03-30T12:15:09.515Z"}
{"level":"error","service":"your-service-name","timestamp":"2024-03-30T12:15:10.612Z"}
{"level":"error","service":"your-service-name","timestamp":"2024-03-30T12:15:10.868Z"}
{"level":"error","service":"your-service-name","timestamp":"2024-03-30T12:15:11.161Z"}
{"level":"error","service":"your-service-name","timestamp":"2024-03-30T12:15:11.383Z"}
{"level":"error","service":"your-service-name","timestamp":"2024-03-30T12:15:11.850Z"}
{"level":"error","service":"your-service-name","timestamp":"2024-03-30T12:15:12.669Z"}
{"level":"error","service":"your-service-name","timestamp":"2024-03-30T12:15:12.948Z"}
{"level":"error","service":"your-service-name","timestamp":"2024-03-30T12:15:13.190Z"}
{"level":"error","service":"your-service-name","timestamp":"2024-03-30T12:15:13.571Z"}
{"level":"error","service":"your-service-name","timestamp":"2024-03-30T12:15:13.615Z"}
{"level":"error","service":"your-service-name","timestamp":"2024-03-30T12:15:13.624Z"}
{"level":"error","service":"your-service-name","timestamp":"2024-03-30T12:15:13.629Z"}
{"level":"error","service":"your-service-name","timestamp":"2024-03-30T12:15:14.067Z"}
{"level":"error","service":"your-service-name","timestamp":"2024-03-30T12:15:14.177Z"}
{"level":"error","service":"your-service-name","timestamp":"2024-03-30T12:15:14.272Z"}
{"level":"error","service":"your-service-name","timestamp":"2024-03-30T12:15:14.395Z"}
{"level":"error","service":"your-service-name","timestamp":"2024-03-30T12:15:14.448Z"}
{"level":"error","service":"your-service-name","timestamp":"2024-03-30T12:15:14.632Z"}
{"level":"error","service":"your-service-name","timestamp":"2024-03-30T12:15:14.781Z"}
{"level":"error","service":"your-service-name","timestamp":"2024-03-30T12:15:15.051Z"}
{"level":"error","service":"your-service-name","timestamp":"2024-03-30T12:15:15.163Z"}
{"level":"error","service":"your-service-name","timestamp":"2024-03-30T12:15:15.176Z"}
{"level":"error","service":"your-service-name","timestamp":"2024-03-30T12:15:15.318Z"}
{"level":"error","service":"your-service-name","timestamp":"2024-03-30T12:15:15.710Z"}
{"level":"error","service":"your-service-name","timestamp":"2024-03-30T12:15:15.819Z"}
{"level":"error","service":"your-service-name","timestamp":"2024-03-30T12:15:15.908Z"}
{"level":"error","service":"your-service-name","timestamp":"2024-03-30T12:39:08.579Z"}
{"level":"error","service":"your-service-name","timestamp":"2024-03-30T12:39:08.582Z"}
{"level":"error","service":"your-service-name","timestamp":"2024-03-30T12:55:08.347Z"}
{"level":"error","service":"your-service-name","timestamp":"2024-03-30T12:55:08.349Z"}
{"level":"error","service":"your-service-name","timestamp":"2024-03-30T12:55:08.405Z"}
{"level":"error","service":"your-service-name","timestamp":"2024-03-30T12:55:09.821Z"}
{"level":"error","service":"your-service-name","timestamp":"2024-03-30T12:55:09.823Z"}
{"level":"error","service":"your-service-name","timestamp":"2024-03-30T12:55:09.879Z"}
{"level":"error","service":"your-service-name","timestamp":"2024-03-30T13:19:06.630Z"}
{"level":"error","service":"your-service-name","timestamp":"2024-03-30T13:19:06.921Z"}
{"level":"error","service":"your-service-name","timestamp":"2024-03-30T13:19:06.930Z"}
{"level":"error","service":"your-service-name","timestamp":"2024-03-30T13:19:06.962Z"}
{"level":"error","service":"your-service-name","timestamp":"2024-03-30T13:19:07.003Z"}
{"level":"error","service":"your-service-name","timestamp":"2024-03-30T13:19:07.116Z"}
{"level":"error","service":"your-service-name","timestamp":"2024-03-30T13:19:07.465Z"}
{"level":"error","service":"your-service-name","timestamp":"2024-03-30T13:19:07.625Z"}
{"level":"error","service":"your-service-name","timestamp":"2024-03-30T13:19:07.646Z"}
{"level":"error","service":"your-service-name","timestamp":"2024-03-30T13:19:07.682Z"}
{"level":"error","service":"your-service-name","timestamp":"2024-03-30T13:19:07.689Z"}
{"level":"error","service":"your-service-name","timestamp":"2024-03-30T13:19:08.046Z"}
{"level":"error","service":"your-service-name","timestamp":"2024-03-30T13:19:08.205Z"}
{"level":"error","service":"your-service-name","timestamp":"2024-03-30T13:23:06.656Z"}
{"level":"error","service":"your-service-name","timestamp":"2024-03-30T13:23:06.868Z"}
{"level":"error","service":"your-service-name","timestamp":"2024-03-30T13:23:06.887Z"}
{"level":"error","service":"your-service-name","timestamp":"2024-03-30T13:23:06.892Z"}
{"level":"error","service":"your-service-name","timestamp":"2024-03-30T13:23:06.906Z"}
{"level":"error","service":"your-service-name","timestamp":"2024-03-30T13:23:06.977Z"}
{"level":"error","service":"your-service-name","timestamp":"2024-03-30T13:23:07.223Z"}
{"level":"error","service":"your-service-name","timestamp":"2024-03-30T13:23:07.646Z"}
{"level":"error","service":"your-service-name","timestamp":"2024-03-30T13:23:07.678Z"}
{"level":"error","service":"your-service-name","timestamp":"2024-03-30T13:23:08.153Z"}
{"level":"error","service":"your-service-name","timestamp":"2024-03-30T13:23:08.229Z"}
{"level":"error","service":"your-service-name","timestamp":"2024-03-30T13:51:07.665Z"}
{"level":"error","service":"your-service-name","timestamp":"2024-03-30T13:51:07.745Z"}
{"level":"error","service":"your-service-name","timestamp":"2024-03-30T13:51:08.111Z"}
{"level":"error","service":"your-service-name","timestamp":"2024-03-30T13:51:08.170Z"}
{"level":"error","service":"your-service-name","timestamp":"2024-03-30T13:51:08.271Z"}
{"level":"error","service":"your-service-name","timestamp":"2024-03-30T15:15:08.680Z"}
{"level":"error","service":"your-service-name","timestamp":"2024-03-30T15:57:34.948Z"}
{"level":"error","service":"your-service-name","timestamp":"2024-03-30T15:57:37.363Z"}
{"level":"error","service":"your-service-name","timestamp":"2024-03-30T15:57:41.345Z"}
{"level":"error","service":"your-service-name","timestamp":"2024-03-30T15:57:43.090Z"}
{"level":"error","service":"your-service-name","timestamp":"2024-03-30T15:57:44.645Z"}
{"level":"error","service":"your-service-name","timestamp":"2024-03-30T15:57:46.842Z"}
{"level":"error","service":"your-service-name","timestamp":"2024-03-30T15:57:49.354Z"}
{"level":"error","service":"your-service-name","timestamp":"2024-03-30T15:57:50.526Z"}
{"level":"error","service":"your-service-name","timestamp":"2024-03-30T15:57:53.852Z"}
{"level":"error","service":"your-service-name","timestamp":"2024-03-30T15:58:11.024Z"}
{"level":"error","service":"your-service-name","timestamp":"2024-03-30T15:58:11.635Z"}
{"level":"error","service":"your-service-name","timestamp":"2024-03-30T15:58:11.861Z"}
{"level":"error","service":"your-service-name","timestamp":"2024-03-30T15:58:12.077Z"}
{"level":"error","service":"your-service-name","timestamp":"2024-03-30T15:58:35.239Z"}
{"level":"error","service":"your-service-name","timestamp":"2024-03-30T16:19:07.733Z"}
{"level":"error","service":"your-service-name","timestamp":"2024-03-30T16:19:07.822Z"}
{"level":"error","service":"your-service-name","timestamp":"2024-03-30T16:19:07.928Z"}
{"level":"error","service":"your-service-name","timestamp":"2024-03-30T16:19:08.142Z"}
{"level":"error","service":"your-service-name","timestamp":"2024-03-30T16:19:08.430Z"}
{"level":"error","service":"your-service-name","timestamp":"2024-03-30T16:19:08.514Z"}
{"level":"error","service":"your-service-name","timestamp":"2024-03-30T16:19:08.888Z"}
{"level":"error","service":"your-service-name","timestamp":"2024-03-30T16:59:07.141Z"}
{"level":"error","service":"your-service-name","timestamp":"2024-03-30T16:59:07.906Z"}
{"level":"error","service":"your-service-name","timestamp":"2024-03-30T16:59:07.960Z"}
{"level":"error","service":"your-service-name","timestamp":"2024-03-30T16:59:08.049Z"}
{"level":"error","service":"your-service-name","timestamp":"2024-03-30T16:59:08.111Z"}
{"level":"error","service":"your-service-name","timestamp":"2024-03-30T16:59:10.079Z"}
{"level":"error","service":"your-service-name","timestamp":"2024-03-31T07:39:06.138Z"}
{"level":"error","service":"your-service-name","timestamp":"2024-03-31T07:39:06.788Z"}
{"level":"error","service":"your-service-name","timestamp":"2024-03-31T07:39:06.831Z"}
{"level":"error","service":"your-service-name","timestamp":"2024-03-31T07:39:06.844Z"}
{"level":"error","service":"your-service-name","timestamp":"2024-03-31T07:39:06.865Z"}
{"level":"error","service":"your-service-name","timestamp":"2024-03-31T07:39:06.952Z"}
{"level":"error","service":"your-service-name","timestamp":"2024-03-31T07:39:07.085Z"}
{"level":"error","service":"your-service-name","timestamp":"2024-03-31T07:39:07.120Z"}
{"level":"error","service":"your-service-name","timestamp":"2024-03-31T07:39:07.378Z"}
{"level":"error","service":"your-service-name","timestamp":"2024-03-31T07:39:07.467Z"}
{"level":"error","service":"your-service-name","timestamp":"2024-03-31T07:39:07.822Z"}
{"level":"error","service":"your-service-name","timestamp":"2024-03-31T07:39:07.950Z"}
{"level":"error","service":"your-service-name","timestamp":"2024-03-31T08:31:07.810Z"}
{"level":"error","service":"your-service-name","timestamp":"2024-03-31T08:31:07.817Z"}
{"level":"error","service":"your-service-name","timestamp":"2024-03-31T08:31:07.919Z"}
{"level":"error","service":"your-service-name","timestamp":"2024-03-31T08:31:07.990Z"}
{"level":"error","service":"your-service-name","timestamp":"2024-03-31T08:31:08.580Z"}
{"level":"error","service":"your-service-name","timestamp":"2024-03-31T08:31:08.737Z"}
{"level":"error","service":"your-service-name","timestamp":"2024-03-31T08:31:09.304Z"}
{"level":"error","service":"your-service-name","timestamp":"2024-03-31T08:43:08.701Z"}
{"level":"error","service":"your-service-name","timestamp":"2024-03-31T08:55:08.232Z"}
{"level":"error","service":"your-service-name","timestamp":"2024-03-31T08:55:08.266Z"}
{"level":"error","service":"your-service-name","timestamp":"2024-03-31T08:55:09.126Z"}
{"level":"error","service":"your-service-name","timestamp":"2024-03-31T08:55:09.437Z"}
{"level":"error","service":"your-service-name","timestamp":"2024-03-31T10:55:08.190Z"}
{"level":"error","service":"your-service-name","timestamp":"2024-03-31T10:55:08.672Z"}
{"level":"error","service":"your-service-name","timestamp":"2024-03-31T10:55:09.490Z"}
{"level":"error","service":"your-service-name","timestamp":"2024-03-31T10:55:10.137Z"}
{"level":"error","service":"your-service-name","timestamp":"2024-03-31T10:55:10.435Z"}
{"level":"error","service":"your-service-name","timestamp":"2024-03-31T10:59:06.838Z"}
{"level":"error","service":"your-service-name","timestamp":"2024-03-31T10:59:06.956Z"}
{"level":"error","service":"your-service-name","timestamp":"2024-03-31T10:59:06.987Z"}
{"level":"error","service":"your-service-name","timestamp":"2024-03-31T10:59:07.054Z"}
{"level":"error","service":"your-service-name","timestamp":"2024-03-31T10:59:07.203Z"}
{"level":"error","service":"your-service-name","timestamp":"2024-03-31T10:59:10.832Z"}
{"level":"error","service":"your-service-name","timestamp":"2024-03-31T11:15:07.474Z"}
{"level":"error","service":"your-service-name","timestamp":"2024-03-31T11:15:07.600Z"}
{"level":"error","service":"your-service-name","timestamp":"2024-03-31T11:15:08.245Z"}
{"level":"error","service":"your-service-name","timestamp":"2024-03-31T11:23:08.216Z"}
{"level":"error","service":"your-service-name","timestamp":"2024-03-31T11:51:07.864Z"}
{"level":"error","service":"your-service-name","timestamp":"2024-03-31T11:55:06.842Z"}
{"level":"error","service":"your-service-name","timestamp":"2024-03-31T11:55:06.932Z"}
{"level":"error","service":"your-service-name","timestamp":"2024-03-31T11:55:07.067Z"}
{"level":"error","service":"your-service-name","timestamp":"2024-03-31T11:55:07.136Z"}
{"level":"error","service":"your-service-name","timestamp":"2024-03-31T11:55:07.161Z"}
{"level":"error","service":"your-service-name","timestamp":"2024-03-31T11:55:07.185Z"}
{"level":"error","service":"your-service-name","timestamp":"2024-03-31T11:55:07.251Z"}
{"level":"error","service":"your-service-name","timestamp":"2024-03-31T11:55:07.652Z"}
{"level":"error","service":"your-service-name","timestamp":"2024-03-31T11:55:07.738Z"}
{"level":"error","service":"your-service-name","timestamp":"2024-03-31T11:55:07.852Z"}
{"level":"error","service":"your-service-name","timestamp":"2024-03-31T11:55:08.124Z"}
{"level":"error","service":"your-service-name","timestamp":"2024-03-31T12:03:08.121Z"}
{"level":"error","service":"your-service-name","timestamp":"2024-03-31T12:15:07.804Z"}
{"level":"error","service":"your-service-name","timestamp":"2024-03-31T12:15:07.927Z"}
{"level":"error","service":"your-service-name","timestamp":"2024-03-31T12:15:08.005Z"}
{"level":"error","service":"your-service-name","timestamp":"2024-03-31T12:15:08.159Z"}
{"level":"error","service":"your-service-name","timestamp":"2024-03-31T12:15:08.391Z"}
{"level":"error","service":"your-service-name","timestamp":"2024-03-31T12:47:08.192Z"}
{"level":"error","service":"your-service-name","timestamp":"2024-03-31T12:47:08.637Z"}
{"level":"error","service":"your-service-name","timestamp":"2024-03-31T12:47:09.492Z"}
{"level":"error","service":"your-service-name","timestamp":"2024-03-31T13:11:06.669Z"}
{"level":"error","service":"your-service-name","timestamp":"2024-03-31T13:11:06.934Z"}
{"level":"error","service":"your-service-name","timestamp":"2024-03-31T13:11:07.379Z"}
{"level":"error","service":"your-service-name","timestamp":"2024-03-31T13:11:07.463Z"}
{"level":"error","service":"your-service-name","timestamp":"2024-03-31T13:11:07.493Z"}
{"level":"error","service":"your-service-name","timestamp":"2024-03-31T13:11:08.355Z"}
{"level":"error","service":"your-service-name","timestamp":"2024-03-31T13:11:08.472Z"}
{"level":"error","service":"your-service-name","timestamp":"2024-03-31T13:23:08.491Z"}
{"level":"error","service":"your-service-name","timestamp":"2024-03-31T13:23:08.707Z"}
{"level":"error","service":"your-service-name","timestamp":"2024-03-31T13:23:09.861Z"}
{"level":"error","service":"your-service-name","timestamp":"2024-03-31T13:31:07.813Z"}
{"level":"error","service":"your-service-name","timestamp":"2024-03-31T13:31:07.859Z"}
{"level":"error","service":"your-service-name","timestamp":"2024-03-31T13:31:07.949Z"}
{"level":"error","service":"your-service-name","timestamp":"2024-03-31T13:31:08.408Z"}
{"level":"error","service":"your-service-name","timestamp":"2024-03-31T13:31:08.433Z"}
{"level":"error","service":"your-service-name","timestamp":"2024-03-31T14:07:06.881Z"}
{"level":"error","service":"your-service-name","timestamp":"2024-03-31T14:07:06.918Z"}
{"level":"error","service":"your-service-name","timestamp":"2024-03-31T14:07:07.905Z"}
{"level":"error","service":"your-service-name","timestamp":"2024-03-31T14:07:07.907Z"}
{"level":"error","service":"your-service-name","timestamp":"2024-03-31T14:07:07.952Z"}
{"level":"error","service":"your-service-name","timestamp":"2024-03-31T14:11:07.500Z"}
{"level":"error","service":"your-service-name","timestamp":"2024-03-31T14:11:07.735Z"}
{"level":"error","service":"your-service-name","timestamp":"2024-03-31T14:11:07.937Z"}
{"level":"error","service":"your-service-name","timestamp":"2024-03-31T14:11:07.995Z"}
{"level":"error","service":"your-service-name","timestamp":"2024-03-31T14:15:08.774Z"}
{"level":"error","service":"your-service-name","timestamp":"2024-03-31T14:15:08.866Z"}
{"level":"error","service":"your-service-name","timestamp":"2024-03-31T14:15:09.565Z"}
{"level":"error","service":"your-service-name","timestamp":"2024-03-31T14:27:09.329Z"}
{"level":"error","service":"your-service-name","timestamp":"2024-03-31T14:43:07.844Z"}
{"level":"error","service":"your-service-name","timestamp":"2024-03-31T14:43:07.874Z"}
{"level":"error","service":"your-service-name","timestamp":"2024-03-31T14:43:09.309Z"}
{"level":"error","service":"your-service-name","timestamp":"2024-03-31T14:43:11.010Z"}
{"level":"error","service":"your-service-name","timestamp":"2024-03-31T15:18:23.709Z"}
{"level":"error","service":"your-service-name","timestamp":"2024-03-31T15:18:26.476Z"}
{"level":"error","service":"your-service-name","timestamp":"2024-03-31T15:18:30.014Z"}
{"level":"error","service":"your-service-name","timestamp":"2024-03-31T15:18:33.436Z"}
{"level":"error","service":"your-service-name","timestamp":"2024-03-31T15:18:36.907Z"}
{"level":"error","service":"your-service-name","timestamp":"2024-03-31T15:18:36.939Z"}
{"level":"error","service":"your-service-name","timestamp":"2024-03-31T15:18:37.149Z"}
{"level":"error","service":"your-service-name","timestamp":"2024-03-31T15:18:37.375Z"}
{"level":"error","service":"your-service-name","timestamp":"2024-03-31T15:18:37.826Z"}
{"level":"error","service":"your-service-name","timestamp":"2024-03-31T15:18:38.789Z"}
{"level":"error","service":"your-service-name","timestamp":"2024-03-31T15:18:38.792Z"}
{"level":"error","service":"your-service-name","timestamp":"2024-03-31T15:18:39.846Z"}
{"level":"error","service":"your-service-name","timestamp":"2024-03-31T15:18:39.856Z"}
{"level":"error","service":"your-service-name","timestamp":"2024-03-31T15:18:39.859Z"}
{"level":"error","service":"your-service-name","timestamp":"2024-03-31T15:18:40.540Z"}
{"level":"error","service":"your-service-name","timestamp":"2024-03-31T15:18:40.545Z"}
{"level":"error","service":"your-service-name","timestamp":"2024-03-31T15:18:41.155Z"}
{"level":"error","service":"your-service-name","timestamp":"2024-03-31T15:18:41.413Z"}
{"level":"error","service":"your-service-name","timestamp":"2024-03-31T15:18:42.745Z"}
{"level":"error","service":"your-service-name","timestamp":"2024-03-31T15:18:43.492Z"}
{"level":"error","service":"your-service-name","timestamp":"2024-03-31T15:18:49.393Z"}
{"level":"error","service":"your-service-name","timestamp":"2024-03-31T15:18:49.556Z"}
{"level":"error","service":"your-service-name","timestamp":"2024-03-31T15:18:51.695Z"}
{"level":"error","service":"your-service-name","timestamp":"2024-03-31T15:18:58.875Z"}
{"level":"error","service":"your-service-name","timestamp":"2024-03-31T15:39:09.075Z"}
{"level":"error","service":"your-service-name","timestamp":"2024-03-31T15:39:09.251Z"}
{"level":"error","service":"your-service-name","timestamp":"2024-03-31T15:43:06.879Z"}
{"level":"error","service":"your-service-name","timestamp":"2024-03-31T15:43:06.954Z"}
{"level":"error","service":"your-service-name","timestamp":"2024-03-31T15:43:07.470Z"}
{"level":"error","service":"your-service-name","timestamp":"2024-03-31T15:43:07.528Z"}
{"level":"error","service":"your-service-name","timestamp":"2024-03-31T15:43:07.555Z"}
{"level":"error","service":"your-service-name","timestamp":"2024-03-31T15:43:07.692Z"}
{"level":"error","service":"your-service-name","timestamp":"2024-03-31T15:43:07.744Z"}
{"level":"error","service":"your-service-name","timestamp":"2024-03-31T15:43:07.834Z"}
{"level":"error","service":"your-service-name","timestamp":"2024-03-31T15:43:07.856Z"}
{"level":"error","service":"your-service-name","timestamp":"2024-03-31T15:43:08.165Z"}
{"level":"error","service":"your-service-name","timestamp":"2024-03-31T15:43:09.267Z"}
{"level":"error","service":"your-service-name","timestamp":"2024-03-31T15:43:09.485Z"}
{"level":"error","service":"your-service-name","timestamp":"2024-03-31T15:43:14.620Z"}
{"level":"error","service":"your-service-name","timestamp":"2024-03-31T15:43:14.621Z"}
{"level":"error","service":"your-service-name","timestamp":"2024-03-31T15:43:14.622Z"}
{"level":"error","service":"your-service-name","timestamp":"2024-03-31T15:43:14.623Z"}
{"level":"error","service":"your-service-name","timestamp":"2024-03-31T15:43:14.866Z"}
{"level":"error","service":"your-service-name","timestamp":"2024-03-31T15:43:14.899Z"}
{"level":"error","service":"your-service-name","timestamp":"2024-03-31T15:43:14.999Z"}
{"level":"error","service":"your-service-name","timestamp":"2024-03-31T15:43:15.135Z"}
{"level":"error","service":"your-service-name","timestamp":"2024-03-31T15:59:06.936Z"}
{"level":"error","service":"your-service-name","timestamp":"2024-03-31T15:59:07.592Z"}
{"level":"error","service":"your-service-name","timestamp":"2024-03-31T15:59:07.609Z"}
{"level":"error","service":"your-service-name","timestamp":"2024-03-31T15:59:07.699Z"}
{"level":"error","service":"your-service-name","timestamp":"2024-03-31T15:59:07.882Z"}
{"level":"error","service":"your-service-name","timestamp":"2024-03-31T15:59:07.890Z"}
{"level":"error","service":"your-service-name","timestamp":"2024-03-31T16:37:07.873Z"}
